### Custom WaveView ADV log file, revision L-2016.06-SP1 (build Aug 22, ) ###
### created at 20:21:14 on Mon Dec  5 2022 (Linux AMD64) ###
### Host Name: osl29.njit.edu   User ID: jk526   PID: 28349   ###
wv_start_log
# (0) running in waveview only mode
# (0) SW_SX_PERL_LIB defined
# (0) SW_SX_TCL_LIB defined
# (0) HOME defined
wv_move_window CustomWaveView 0 0
wv_resize_window CustomWaveView 800 400
wv_move_window CustomWaveView 0 31
wv_resize_window CustomWaveView 1280 921
wv_move_window CustomWaveView -10 20
wv_resize_window CustomWaveView 800 400
wv_resize_window CustomWaveView 1280 921
wv_select_menu_item {File} {Import Waveform File ...}
wv_move_dialog FileDialog 425 154
wv_move_dialog FileDialog 425 156
wv_select_dialog FileDialog
wv_set_text FileDialog.FileName {}
# selected FileDialog.FileFilter Waveform Files:*
wv_select_combox_item FileDialog.FileFilter {Waveform Files:*}
wv_select_list_item FileDialog.FileList 4_bit_sim.tr0
wv_press_button FileDialog.Ok
wv_expand_tree_item MainWindow.hierview {D0:4_bit_sim.tr0}
wv_select_tree_item MainWindow.hierview {D0:4_bit_sim.tr0}
wv_expand_tree_item MainWindow.hierview {D0:4_bit_sim.tr0/toplevel}
wv_select_tree_item MainWindow.hierview {D0:4_bit_sim.tr0/toplevel}
wv_select_list_item MainWindow.sigview v(cin)
wv_dclick_list_item MainWindow.sigview v(cin)
wv_select_list_item MainWindow.sigview v(out0)
wv_drag_list_item MainWindow.sigview v(out0)
wv_drag_enter WV1
wv_drag_to WV1 5 511
wv_drop_on WV1
wv_select_list_item MainWindow.sigview v(out1)
wv_drag_list_item MainWindow.sigview v(out1)
wv_drag_enter WV1
wv_drag_to WV1 14 539
wv_drop_on WV1
wv_select_list_item MainWindow.sigview v(cout)
wv_drag_list_item MainWindow.sigview v(cout)
wv_drag_enter WV1
wv_drag_to WV1 5 491
wv_drop_on WV1
wv_select_toolbar_item {Update Waveforms}
wv_move_dialog ReloadFiles 355 433
wv_select_dialog ReloadFiles
wv_press_button ReloadFiles.YesAll
wv_select_list_item MainWindow.sigview v(out1)
wv_drag_list_item MainWindow.sigview v(out1)
wv_drag_enter WV1
wv_drag_to WV1 3 514
wv_drop_on WV1
wv_select_toolbar_item {Update Waveforms}
wv_move_dialog ReloadFiles 355 433
wv_select_dialog ReloadFiles
wv_press_button ReloadFiles.YesAll
wv_select_wv_item WV1.VSLIDER 1018 453
wv_drag_item_to WV1 1018 455
wv_drag_item_to WV1 1012 485
wv_vert_scroll WV1 0
wv_select_panel WV1.PANEL1:1 4.01368e-07 6.28592e-08
wv_drag_item_to WV1 830 46
wv_zoom WV1.PANEL1:1 4.01368e-07 6.28592e-08 3.85975e-07 5.21397e-08
wv_select_panel WV1.PANEL1:1 3.88065e-07 6.26688e-08
wv_select_panel WV1.PANEL1:1 3.9218e-07 5.7853e-08
wv_drag_item_to WV1 500 393
wv_zoom WV1.PANEL1:1 3.9218e-07 5.7853e-08 3.92443e-07 5.99417e-08
wv_select_wv_item WV1.ICON.unzoom
wv_release_wv_item WV1 61 13
wv_select_wv_item WV1.LEGEND.WIDTH
wv_drag_item_to WV1 82 130
wv_move_wv_item WV1.PANEL1:1.LEGEND.WIDTH 81
wv_select_toolbar_item {Update Waveforms}
wv_move_dialog ReloadFiles 355 433
wv_select_dialog ReloadFiles
wv_press_button ReloadFiles.YesAll
wv_select_wv_item WV1.PANEL1:1.LEGEND
wv_select_panel WV1.PANEL1:1.LEGEND
wv_press_key Delete
wv_move_dialog Confirmation 548 441
wv_select_dialog Confirmation
wv_press_button Confirmation.Ok
wv_select_list_item MainWindow.sigview v(out0)
wv_dclick_list_item MainWindow.sigview v(out0)
wv_select_list_item MainWindow.sigview v(out1)
wv_dclick_list_item MainWindow.sigview v(out1)
wv_select_list_item MainWindow.sigview v(out2)
wv_dclick_list_item MainWindow.sigview v(out2)
wv_select_list_item MainWindow.sigview v(out3)
wv_dclick_list_item MainWindow.sigview v(out3)
wv_select_list_item MainWindow.sigview v(cout)
wv_dclick_list_item MainWindow.sigview v(cout)
wv_select_tree_item MainWindow.hierview {D0:4_bit_sim.tr0}
wv_select_menu_item {File} {Import Waveform File ...}
wv_move_dialog FileDialog 425 156
wv_move_dialog FileDialog 425 154
wv_move_dialog FileDialog 425 156
wv_select_dialog FileDialog
wv_set_text FileDialog.FileName {4_bit_sim.tr0}
wv_select_list_item FileDialog.FileList 4_bit_sim.tr0
wv_dclick_list_item FileDialog.FileList 4_bit_sim.tr0
wv_select_wv_item WV1.PANEL1:1.LEGEND
wv_drag_item_to WV1 45 82
wv_select_panel WV1.PANEL1:1.LEGEND
wv_ctrl_select_panel WV1.PANEL2:1.LEGEND
wv_ctrl_select_panel WV1.PANEL3:1.LEGEND
wv_ctrl_select_panel WV1.PANEL4:1.LEGEND
wv_ctrl_select_panel WV1.PANEL5:1.LEGEND
wv_press_key Delete
wv_move_dialog Confirmation 548 441
wv_select_dialog Confirmation
wv_press_button Confirmation.Ok
wv_press_key Delete
#please select panel(s) for the delete action
wv_select_tree_item MainWindow.hierview {D0:4_bit_sim.tr0} -idx 1
wv_tree_context_menu MainWindow.hierview {D0:4_bit_sim.tr0} -idx 1
wv_select_context_menu_item {Close All}
wv_move_dialog Confirmation 548 441
wv_select_dialog Confirmation
wv_press_button Confirmation.Ok
wv_select_menu_item {File} {Import Waveform File ...}
wv_move_dialog FileDialog 425 156
wv_move_dialog FileDialog 425 154
wv_move_dialog FileDialog 425 156
wv_select_dialog FileDialog
wv_set_text FileDialog.FileName {4_bit_sim.tr0}
# selected FileDialog.Path pre_sim/
wv_select_combox_item FileDialog.Path pre_sim/
wv_select_list_item FileDialog.FileList subckt_sims
wv_dclick_list_item FileDialog.FileList subckt_sims
wv_select_list_item FileDialog.FileList sim_sub_ii.tr0
wv_press_button FileDialog.Ok
wv_expand_tree_item MainWindow.hierview {D1:sim_sub_ii.tr0}
wv_select_tree_item MainWindow.hierview {D1:sim_sub_ii.tr0}
wv_expand_tree_item MainWindow.hierview {D1:sim_sub_ii.tr0/toplevel}
wv_select_tree_item MainWindow.hierview {D1:sim_sub_ii.tr0/toplevel}
wv_select_list_item MainWindow.sigview v(out)
wv_dclick_list_item MainWindow.sigview v(out)
wv_select_toolbar_item {Update Waveforms}
wv_move_dialog ReloadFiles 344 433
wv_select_dialog ReloadFiles
wv_press_button ReloadFiles.YesAll
wv_select_toolbar_item {Update Waveforms}
wv_select_toolbar_item {Update Waveforms}
wv_select_toolbar_item {Update Waveforms}
wv_select_toolbar_item {Update Waveforms}
wv_select_wv_item WV1.PANEL1:1.LEGEND
wv_select_panel WV1.PANEL1:1.LEGEND
wv_select_panel WV1.PANEL1:1 9.92018e-10 6.40021e-08
wv_select_toolbar_item {Update Waveforms}
wv_select_toolbar_item {Update Waveforms}
wv_select_wv_item WV1.PANEL1:1.LEGEND
wv_select_panel WV1.PANEL1:1.LEGEND
wv_select_wv_item WV1.PANEL1:1.LEGEND
wv_select_panel WV1.PANEL1:1.LEGEND
wv_press_key Delete
wv_move_dialog Confirmation 548 441
wv_select_dialog Confirmation
wv_press_button Confirmation.Ok
wv_tree_context_menu MainWindow.hierview {D1:sim_sub_ii.tr0/toplevel}
wv_tree_context_menu MainWindow.hierview {D1:sim_sub_ii.tr0}
wv_select_context_menu_item {Update WDF}
wv_tree_context_menu MainWindow.hierview {D1:sim_sub_ii.tr0}
wv_select_context_menu_item {Close Selected Files}
wv_move_dialog SelectFilesForCloseOrMeasure 491 357
wv_move_dialog SelectFilesForCloseOrMeasure 491 359
wv_select_dialog SelectFilesForCloseOrMeasure
wv_press_button SelectFilesForCloseOrMeasure.Ok
wv_select_menu_item {File} {Import Waveform File ...}
wv_move_dialog FileDialog 425 156
wv_move_dialog FileDialog 425 154
wv_move_dialog FileDialog 425 156
wv_select_dialog FileDialog
wv_set_text FileDialog.FileName {sim_sub_ii.tr0}
wv_select_list_item FileDialog.FileList sim_sub_ii.tr0
wv_press_button FileDialog.Ok
wv_expand_tree_item MainWindow.hierview {D1:sim_sub_ii.tr0}
wv_select_tree_item MainWindow.hierview {D1:sim_sub_ii.tr0}
wv_expand_tree_item MainWindow.hierview {D1:sim_sub_ii.tr0/toplevel}
wv_select_tree_item MainWindow.hierview {D1:sim_sub_ii.tr0/toplevel}
wv_select_list_item MainWindow.sigview v(out)
wv_dclick_list_item MainWindow.sigview v(out)
wv_select_wv_item WV1.VSLIDER 1017 236
wv_drag_item_to WV1 1017 238
wv_drag_item_to WV1 1015 256
wv_vert_scroll WV1 0
wv_close_window CustomWaveView
wv_move_dialog Confirmation 548 441
wv_select_dialog Confirmation
# wv_press_button Confirmation.Ok
