### Custom WaveView ADV log file, revision L-2016.06-SP1 (build Aug 22, ) ###
### created at 23:23:02 on Mon Oct 17 2022 (Linux AMD64) ###
### Host Name: osl15.njit.edu   User ID: jk526   PID: 21992   ###
wv_start_log
# (0) running in waveview only mode
# (0) SW_SX_PERL_LIB defined
# (0) SW_SX_TCL_LIB defined
# (0) HOME defined
wv_move_window CustomWaveView 0 0
wv_resize_window CustomWaveView 800 400
wv_move_window CustomWaveView 164 187
wv_move_window CustomWaveView 0 168
wv_resize_window CustomWaveView 1536 801
wv_move_window CustomWaveView 8 168
wv_move_window CustomWaveView 0 23
wv_select_menu_item {File} {Import Waveform File ...}
wv_select_dialog FileDialog
wv_set_text FileDialog.FileName {}
wv_select_dialog FileDialog
wv_set_text FileDialog.FileName {}
# selected FileDialog.FileFilter Waveform Files:*
wv_select_combox_item FileDialog.FileFilter {Waveform Files:*}
wv_select_list_item FileDialog.FileList ideal_sim.ic0
wv_select_list_item FileDialog.FileList ideal_sim.tr0
wv_ctrl_select_list_item FileDialog.FileList spice_deck_model.tr0
wv_press_button FileDialog.Ok
wv_expand_tree_item MainWindow.hierview {D0:ideal_sim.tr0}
wv_select_tree_item MainWindow.hierview {D0:ideal_sim.tr0}
wv_expand_tree_item MainWindow.hierview {D0:spice_deck_model.tr0}
wv_select_tree_item MainWindow.hierview {D0:spice_deck_model.tr0}
wv_select_tree_item MainWindow.hierview {D0:ideal_sim.tr0/toplevel}
wv_select_list_item MainWindow.sigview v(0)
wv_dclick_list_item MainWindow.sigview v(0)
wv_release_wv_item WV1 13 337
wv_release_wv_item WV1 14 337
wv_select_wv_item WV1.PANEL1:1.LEGEND
wv_select_panel WV1.PANEL1:1.LEGEND
wv_press_key Delete
wv_select_dialog Confirmation
wv_press_button Confirmation.Ok
wv_select_list_item MainWindow.sigview v(a)
wv_select_list_item MainWindow.sigview v(a)
wv_dclick_list_item MainWindow.sigview v(a)
wv_select_list_item MainWindow.sigview v(vdd)
wv_drag_list_item MainWindow.sigview v(vdd)
wv_select_list_item MainWindow.sigview v(y)
wv_drag_list_item MainWindow.sigview v(y)
wv_drag_enter WV1
wv_drag_to WV1 730 304
wv_drop_on WV1
wv_select_wv_item WV1.PANEL1:1.LEGEND
wv_select_panel WV1.PANEL1:1.LEGEND
wv_press_key Delete
wv_select_dialog Confirmation
wv_press_button Confirmation.Ok
wv_select_list_item MainWindow.sigview v(a)
wv_dclick_list_item MainWindow.sigview v(a)
wv_select_list_item MainWindow.sigview v(out1)
wv_drag_list_item MainWindow.sigview v(out1)
wv_drag_enter WV1
wv_drag_to WV1 792 353
wv_drop_on WV1
wv_select_tree_item MainWindow.hierview {D0:spice_deck_model.tr0/toplevel}
wv_select_list_item MainWindow.sigview v(a)
wv_dclick_list_item MainWindow.sigview v(a)
wv_select_list_item MainWindow.sigview v(out1)
wv_drag_list_item MainWindow.sigview v(out1)
wv_drag_enter WV1
wv_drag_to WV1 501 528
wv_drop_on WV1
wv_select_wv_item {WV1.ICON.measurement tool}
wv_release_wv_item WV1 146 17
wv_select_dialog MeasurementTool
# selected MeasurementTool.RefSignal v(out1) ideal_sim.tr0
wv_select_combox_item MeasurementTool.RefSignal {v(out1) ideal_sim.tr0}
wv_press_button MeasurementTool.Ok
wv_select_wv_item WV1.MEAS1
wv_drag_item_to WV1 526 148
wv_move_wv_item WV1.MEAS1 452 150
wv_select_wv_item {WV1.ICON.measurement tool}
wv_release_wv_item WV1 147 17
wv_select_dialog MeasurementTool
# selected MeasurementTool.RefSignal v(out1) spice_deck_model.tr0
wv_select_combox_item MeasurementTool.RefSignal {v(out1) spice_deck_model.tr0}
# selected MeasurementTool.Signal v(a) spice_deck_model.tr0
wv_select_combox_item MeasurementTool.Signal {v(a) spice_deck_model.tr0}
wv_press_button MeasurementTool.Ok
wv_select_wv_item WV1.MEAS2
wv_drag_item_to WV1 517 461
wv_move_wv_item WV1.MEAS2 439 449
wv_release_wv_item WV1 12 217
wv_select_wv_item WV1.PANEL1:1.LEGEND
wv_select_panel WV1.PANEL1:1.LEGEND
wv_press_key Delete
wv_select_dialog Confirmation
wv_press_button Confirmation.Ok
wv_select_wv_item WV1.PANEL1:1.LEGEND
wv_drag_item_to WV1 35 69
wv_select_panel WV1.PANEL1:1.LEGEND
wv_press_key Delete
wv_select_dialog Confirmation
wv_press_button Confirmation.Ok
wv_select_menu_item {File} {Import Waveform File ...}
wv_select_dialog FileDialog
wv_set_text FileDialog.FileName {ideal_sim.tr0;spice_deck_model.tr0}
wv_press_button FileDialog.Up
wv_select_list_item FileDialog.FileList pex_aoi
wv_dclick_list_item FileDialog.FileList pex_aoi
wv_select_list_item FileDialog.FileList aoi_model_deck.tr0
wv_press_button FileDialog.Ok
wv_expand_tree_item MainWindow.hierview {D1:aoi_model_deck.tr0}
wv_select_tree_item MainWindow.hierview {D1:aoi_model_deck.tr0}
wv_select_tree_item MainWindow.hierview {D1:aoi_model_deck.tr0/toplevel}
wv_select_list_item MainWindow.sigview i(vin)
wv_dclick_list_item MainWindow.sigview i(vin)
wv_select_wv_item WV1.PANEL1:1.LEGEND
wv_select_panel WV1.PANEL1:1.LEGEND
wv_press_key Delete
wv_select_dialog Confirmation
wv_press_button Confirmation.Ok
wv_select_list_item MainWindow.sigview v(vin)
wv_select_list_item MainWindow.sigview v(vin)
wv_select_list_item MainWindow.sigview v(vin)
wv_select_list_item MainWindow.sigview v(vin)
wv_dclick_list_item MainWindow.sigview v(vin)
wv_select_list_item MainWindow.sigview v(out1)
wv_dclick_list_item MainWindow.sigview v(out1)
wv_select_list_item MainWindow.sigview v(a)
wv_dclick_list_item MainWindow.sigview v(a)
wv_select_list_item MainWindow.sigview v(0)
wv_dclick_list_item MainWindow.sigview v(0)
wv_select_list_item MainWindow.sigview v(vin)
wv_dclick_list_item MainWindow.sigview v(vin)
wv_select_list_item MainWindow.sigview v(vdd)
wv_dclick_list_item MainWindow.sigview v(vdd)
wv_select_list_item MainWindow.sigview v(out1)
wv_dclick_list_item MainWindow.sigview v(out1)
wv_select_list_item MainWindow.sigview v(a)
wv_dclick_list_item MainWindow.sigview v(a)
wv_select_list_item MainWindow.sigview v(0)
wv_dclick_list_item MainWindow.sigview v(0)
wv_release_wv_item WV1 14 59
wv_select_wv_item WV1.PANEL1:1.LEGEND
wv_select_panel WV1.PANEL1:1.LEGEND
wv_ctrl_select_panel WV1.PANEL2:1.LEGEND
wv_ctrl_select_panel WV1.PANEL3:1.LEGEND
wv_ctrl_select_panel WV1.PANEL4:1.LEGEND
wv_ctrl_select_panel WV1.PANEL5:1.LEGEND
wv_ctrl_select_panel WV1.PANEL6:1.LEGEND
wv_ctrl_select_panel WV1.PANEL7:1.LEGEND
wv_ctrl_select_panel WV1.PANEL8:1.LEGEND
wv_ctrl_select_panel WV1.PANEL9:1.LEGEND
wv_press_key Delete
wv_select_dialog Confirmation
wv_press_button Confirmation.Ok
wv_select_list_item MainWindow.sigview v(out1)
wv_dclick_list_item MainWindow.sigview v(out1)
wv_select_toolbar_item {Update Waveforms}
wv_select_dialog ReloadFiles
wv_press_button ReloadFiles.YesAll
wv_select_list_item MainWindow.sigview v(va)
wv_drag_list_item MainWindow.sigview v(va)
wv_drag_enter WV1
wv_drag_to WV1 652 347
wv_drop_on WV1
wv_select_wv_item {WV1.ICON.measurement tool}
wv_release_wv_item WV1 147 15
wv_select_dialog MeasurementTool
wv_press_button MeasurementTool.Ok
wv_select_wv_item WV1.MEAS1
wv_drag_item_to WV1 532 250
wv_move_wv_item WV1.MEAS1 446 261
wv_move_window CustomWaveView -415 131
wv_move_window CustomWaveView 8 131
wv_move_window CustomWaveView -249 125
wv_close_window CustomWaveView
wv_select_dialog Confirmation
# wv_press_button Confirmation.Ok
