### Custom WaveView ADV log file, revision L-2016.06-SP1 (build Aug 22, ) ###
### created at 03:17:57 on Thu Dec 22 2022 (Linux AMD64) ###
### Host Name: osl15.njit.edu   User ID: jk526   PID: 19715   ###
wv_start_log
# (0) running in waveview only mode
# (0) SW_SX_PERL_LIB defined
# (0) SW_SX_TCL_LIB defined
# (0) HOME defined
wv_move_window CustomWaveView 0 0
wv_resize_window CustomWaveView 800 400
wv_move_window CustomWaveView 190 213
wv_move_window CustomWaveView 0 30
wv_resize_window CustomWaveView 1540 845
wv_move_window CustomWaveView 8 31
wv_select_menu_item {File} {Import Waveform File ...}
wv_select_dialog FileDialog
wv_set_text FileDialog.FileName {}
wv_select_list_item FileDialog.FileList 4_bit_sim_2.tr0
wv_press_button FileDialog.Ok
wv_expand_tree_item MainWindow.hierview {D0:4_bit_sim_2.tr0}
wv_select_tree_item MainWindow.hierview {D0:4_bit_sim_2.tr0}
wv_select_tree_item MainWindow.hierview {D0:4_bit_sim_2.tr0/toplevel}
wv_select_list_item MainWindow.sigview v(vin)
wv_dclick_list_item MainWindow.sigview v(vin)
wv_select_list_item MainWindow.sigview v(out0)
wv_dclick_list_item MainWindow.sigview v(out0)
wv_select_list_item MainWindow.sigview v(out1)
wv_dclick_list_item MainWindow.sigview v(out1)
wv_select_wv_item WV1.PANEL3:1.LEGEND
wv_drag_item_to WV1 34 546
wv_drag_enter WV1
wv_drag_to WV1 15 365
wv_drag_to WV1 29 292
wv_drop_on WV1
wv_drag_item_to WV1 34 546
wv_select_list_item MainWindow.sigview v(out2)
wv_dclick_list_item MainWindow.sigview v(out2)
wv_select_list_item MainWindow.sigview v(out3)
wv_dclick_list_item MainWindow.sigview v(out3)
wv_select_wv_item WV1.PANEL3:1.LEGEND
wv_drag_item_to WV1 26 340
wv_drag_enter WV1
wv_drag_to WV1 25 284
wv_drag_to WV1 27 271
wv_drag_to WV1 42 179
wv_drop_on WV1
wv_drag_item_to WV1 26 340
wv_select_wv_item WV1.PANEL5:1.LEGEND
wv_drag_item_to WV1 50 571
wv_drag_enter WV1
wv_drag_to WV1 79 203
wv_drag_to WV1 50 148
wv_drag_to WV1 34 179
wv_drop_on WV1
wv_drag_item_to WV1 50 571
wv_select_wv_item WV1.PANEL5:1.LEGEND
wv_drag_item_to WV1 40 602
wv_drag_enter WV1
wv_drag_to WV1 59 361
wv_drag_to WV1 60 322
wv_drag_to WV1 55 441
wv_drag_to WV1 38 356
wv_drag_to WV1 37 302
wv_drag_to WV1 38 262
wv_drop_on WV1
wv_drag_item_to WV1 40 602
wv_select_toolbar_item {Update Waveforms}
wv_select_dialog ReloadFiles
wv_press_button ReloadFiles.YesAll
wv_select_wv_item WV1.PANEL2:1.LEGEND
wv_select_panel WV1.PANEL2:1.LEGEND
wv_press_key Delete
wv_select_dialog Confirmation
wv_press_button Confirmation.Ok
wv_select_wv_item WV1.PANEL2:1.LEGEND
wv_select_panel WV1.PANEL2:1.LEGEND
wv_press_key Delete
wv_select_dialog Confirmation
wv_press_button Confirmation.Ok
wv_select_wv_item WV1.PANEL2:1.LEGEND
wv_select_panel WV1.PANEL2:1.LEGEND
wv_press_key Delete
wv_select_dialog Confirmation
wv_press_button Confirmation.Ok
wv_select_toolbar_item {Update Waveforms}
wv_select_dialog ReloadFiles
wv_press_button ReloadFiles.YesAll
wv_select_list_item MainWindow.sigview v(out0)
wv_dclick_list_item MainWindow.sigview v(out0)
wv_select_list_item MainWindow.sigview v(out1)
wv_dclick_list_item MainWindow.sigview v(out1)
wv_select_list_item MainWindow.sigview v(out3)
wv_dclick_list_item MainWindow.sigview v(out3)
wv_select_list_item MainWindow.sigview v(out2)
wv_dclick_list_item MainWindow.sigview v(out2)
wv_select_wv_item WV1.PANEL5:1.LEGEND
wv_drag_item_to WV1 32 596
wv_drag_enter WV1
wv_drag_to WV1 40 465
wv_drop_on WV1
wv_drag_item_to WV1 45 505
wv_select_list_item MainWindow.sigview v(cout)
wv_dclick_list_item MainWindow.sigview v(cout)
wv_select_wv_item {WV1.ICON.measurement tool}
wv_release_wv_item WV1 144 14
wv_select_dialog MeasurementTool
wv_move_dialog MeasurementTool -104 338
# selected MeasurementTool.RefSignal v(vin) 4_bit_sim_2.tr0
wv_select_combox_item MeasurementTool.RefSignal {v(vin) 4_bit_sim_2.tr0}
# selected MeasurementTool.Signal v(cout) 4_bit_sim_2.tr0
wv_select_combox_item MeasurementTool.Signal {v(cout) 4_bit_sim_2.tr0}
wv_move_dialog MeasurementTool -88 224
wv_press_button MeasurementTool.Ok
wv_select_wv_item WV1.MEAS1
wv_drag_item_to WV1 465 639
wv_move_wv_item WV1.MEAS1 275 645
wv_select_wv_item {WV1.ICON.measurement tool}
wv_release_wv_item WV1 144 14
wv_select_dialog MeasurementTool
# selected MeasurementTool.RefSignal v(vin) 4_bit_sim_2.tr0
wv_select_combox_item MeasurementTool.RefSignal {v(vin) 4_bit_sim_2.tr0}
# selected MeasurementTool.Signal v(out3) 4_bit_sim_2.tr0
wv_select_combox_item MeasurementTool.Signal {v(out3) 4_bit_sim_2.tr0}
wv_press_button MeasurementTool.Ok
wv_select_wv_item WV1.MEAS2
wv_drag_item_to WV1 545 531
wv_move_wv_item WV1.MEAS2 513 545
wv_select_menu_item {File} {Import Waveform File ...}
wv_select_dialog FileDialog
wv_set_text FileDialog.FileName {4_bit_sim_2.tr0}
wv_press_button FileDialog.Up
wv_select_list_item FileDialog.FileList 32_bit_sim
wv_dclick_list_item FileDialog.FileList 32_bit_sim
wv_select_list_item FileDialog.FileList 32_bit_sim_fastest.ic0
wv_dclick_list_item FileDialog.FileList 32_bit_sim_fastest.ic0
wv_expand_tree_item MainWindow.hierview {D1:32_bit_sim_fastest.ic0}
wv_select_tree_item MainWindow.hierview {D1:32_bit_sim_fastest.ic0}
wv_select_tree_item MainWindow.hierview {D1:32_bit_sim_fastest.ic0/toplevel}
wv_select_wv_item WV1.PANEL6:1.LEGEND
wv_select_panel WV1.PANEL6:1.LEGEND
wv_press_key Delete
wv_select_dialog Confirmation
wv_select_dialog Confirmation
wv_press_button Confirmation.Ok
wv_ctrl_select_panel WV1.PANEL5:1.LEGEND
wv_ctrl_select_panel WV1.PANEL4:1.LEGEND
wv_ctrl_select_panel WV1.PANEL3:1.LEGEND
wv_ctrl_select_panel WV1.PANEL1:1.LEGEND
wv_ctrl_select_panel WV1.PANEL2:1.LEGEND
wv_press_key Delete
wv_select_dialog Confirmation
wv_press_button Confirmation.Ok
wv_horz_scroll MainWindow.sigview 52
wv_horz_scroll MainWindow.sigview 104
wv_horz_scroll MainWindow.sigview 156
wv_horz_scroll MainWindow.sigview 208
wv_horz_scroll MainWindow.sigview 156
wv_horz_scroll MainWindow.sigview 104
wv_horz_scroll MainWindow.sigview 52
wv_horz_scroll MainWindow.sigview 104
wv_horz_scroll MainWindow.sigview 156
wv_horz_scroll MainWindow.sigview 208
wv_horz_scroll MainWindow.sigview 260
wv_horz_scroll MainWindow.sigview 312
wv_horz_scroll MainWindow.sigview 364
wv_select_menu_item {File} {Import Waveform File ...}
wv_select_dialog FileDialog
wv_set_text FileDialog.FileName {32_bit_sim_fastest.ic0}
wv_select_list_item FileDialog.FileList 32_bit_sim_fastest.tr0
wv_press_button FileDialog.Ok
wv_select_tree_item MainWindow.hierview {D1:32_bit_sim_fastest.tr0}
wv_horz_scroll MainWindow.sigview 0
wv_expand_tree_item MainWindow.hierview {D1:32_bit_sim_fastest.tr0}
wv_select_tree_item MainWindow.hierview {D1:32_bit_sim_fastest.tr0}
wv_select_tree_item MainWindow.hierview {D1:32_bit_sim_fastest.tr0/toplevel}
wv_select_list_item MainWindow.sigview v(cin0)
wv_dclick_list_item MainWindow.sigview v(cin0)
wv_select_list_item MainWindow.sigview v(out0)
wv_dclick_list_item MainWindow.sigview v(out0)
wv_select_list_item MainWindow.sigview v(out1)
wv_dclick_list_item MainWindow.sigview v(out1)
wv_select_list_item MainWindow.sigview v(out2)
wv_dclick_list_item MainWindow.sigview v(out2)
wv_select_list_item MainWindow.sigview v(out3)
wv_dclick_list_item MainWindow.sigview v(out3)
wv_select_list_item MainWindow.sigview v(out4)
wv_dclick_list_item MainWindow.sigview v(out4)
wv_select_list_item MainWindow.sigview v(out5)
wv_dclick_list_item MainWindow.sigview v(out5)
wv_select_list_item MainWindow.sigview v(out6)
wv_dclick_list_item MainWindow.sigview v(out6)
wv_select_list_item MainWindow.sigview v(out7)
wv_drag_list_item MainWindow.sigview v(out7)
wv_dclick_list_item MainWindow.sigview v(out7)
wv_select_list_item MainWindow.sigview v(out8)
wv_dclick_list_item MainWindow.sigview v(out8)
wv_select_list_item MainWindow.sigview v(out9)
wv_dclick_list_item MainWindow.sigview v(out9)
wv_select_list_item MainWindow.sigview v(out10)
wv_dclick_list_item MainWindow.sigview v(out10)
wv_select_list_item MainWindow.sigview v(out11)
wv_dclick_list_item MainWindow.sigview v(out11)
wv_select_list_item MainWindow.sigview v(out12)
wv_drag_list_item MainWindow.sigview v(out12)
wv_dclick_list_item MainWindow.sigview v(out12)
wv_select_list_item MainWindow.sigview v(out13)
wv_dclick_list_item MainWindow.sigview v(out13)
wv_select_list_item MainWindow.sigview v(out14)
wv_dclick_list_item MainWindow.sigview v(out14)
wv_select_list_item MainWindow.sigview v(out15)
wv_dclick_list_item MainWindow.sigview v(out15)
wv_select_list_item MainWindow.sigview v(out16)
wv_dclick_list_item MainWindow.sigview v(out16)
wv_select_list_item MainWindow.sigview v(out17)
wv_dclick_list_item MainWindow.sigview v(out17)
wv_select_list_item MainWindow.sigview v(out18)
wv_dclick_list_item MainWindow.sigview v(out18)
wv_select_list_item MainWindow.sigview v(out19)
wv_dclick_list_item MainWindow.sigview v(out19)
wv_select_list_item MainWindow.sigview v(out20)
wv_dclick_list_item MainWindow.sigview v(out20)
wv_select_list_item MainWindow.sigview v(out21)
wv_dclick_list_item MainWindow.sigview v(out21)
wv_select_list_item MainWindow.sigview v(out22)
wv_dclick_list_item MainWindow.sigview v(out22)
wv_select_list_item MainWindow.sigview v(out23)
wv_drag_list_item MainWindow.sigview v(out23)
wv_dclick_list_item MainWindow.sigview v(out23)
wv_select_list_item MainWindow.sigview v(out23)
wv_dclick_list_item MainWindow.sigview v(out23)
wv_select_wv_item WV1.PANEL26:1.LEGEND
wv_select_panel WV1.PANEL26:1.LEGEND
wv_press_key Delete
wv_select_dialog Confirmation
wv_press_button Confirmation.Ok
wv_select_list_item MainWindow.sigview v(out24)
wv_dclick_list_item MainWindow.sigview v(out24)
wv_select_list_item MainWindow.sigview v(out25)
wv_dclick_list_item MainWindow.sigview v(out25)
wv_select_list_item MainWindow.sigview v(out26)
wv_dclick_list_item MainWindow.sigview v(out26)
wv_select_list_item MainWindow.sigview v(out27)
wv_dclick_list_item MainWindow.sigview v(out27)
wv_select_list_item MainWindow.sigview v(out28)
wv_dclick_list_item MainWindow.sigview v(out28)
wv_select_list_item MainWindow.sigview v(out29)
wv_dclick_list_item MainWindow.sigview v(out29)
wv_select_list_item MainWindow.sigview v(out30)
wv_dclick_list_item MainWindow.sigview v(out30)
wv_select_list_item MainWindow.sigview v(out31)
wv_dclick_list_item MainWindow.sigview v(out31)
wv_select_wv_item WV1.PANEL33:1.LEGEND
wv_select_panel WV1.PANEL33:1.LEGEND
wv_ctrl_select_panel WV1.PANEL32:1.LEGEND
wv_ctrl_select_panel WV1.PANEL31:1.LEGEND
wv_ctrl_select_panel WV1.PANEL30:1.LEGEND
wv_ctrl_select_panel WV1.PANEL29:1.LEGEND
wv_ctrl_select_panel WV1.PANEL28:1.LEGEND
wv_ctrl_select_panel WV1.PANEL27:1.LEGEND
wv_ctrl_select_panel WV1.PANEL26:1.LEGEND
wv_ctrl_select_panel WV1.PANEL25:1.LEGEND
wv_ctrl_select_panel WV1.PANEL24:1.LEGEND
wv_ctrl_select_panel WV1.PANEL23:1.LEGEND
wv_ctrl_select_panel WV1.PANEL22:1.LEGEND
wv_press_key Delete
wv_select_dialog Confirmation
wv_press_button Confirmation.Ok
wv_ctrl_select_panel WV1.PANEL21:1.LEGEND
wv_ctrl_select_panel WV1.PANEL20:1.LEGEND
wv_ctrl_select_panel WV1.PANEL19:1.LEGEND
wv_ctrl_select_panel WV1.PANEL18:1.LEGEND
wv_select_list_item MainWindow.sigview v(out20)
wv_dclick_list_item MainWindow.sigview v(out20)
wv_select_list_item MainWindow.sigview v(out21)
wv_dclick_list_item MainWindow.sigview v(out21)
wv_select_toolbar_item {Update Waveforms}
wv_select_dialog ReloadFiles
wv_press_button ReloadFiles.YesAll
wv_select_tree_item MainWindow.hierview {D1:32_bit_sim_fastest.tr0/toplevel}
wv_select_list_item MainWindow.sigview v(out22)
wv_dclick_list_item MainWindow.sigview v(out22)
wv_select_list_item MainWindow.sigview v(out23)
wv_dclick_list_item MainWindow.sigview v(out23)
wv_select_list_item MainWindow.sigview v(out24)
wv_dclick_list_item MainWindow.sigview v(out24)
wv_select_list_item MainWindow.sigview v(out25)
wv_dclick_list_item MainWindow.sigview v(out25)
wv_select_list_item MainWindow.sigview v(out26)
wv_dclick_list_item MainWindow.sigview v(out26)
wv_select_list_item MainWindow.sigview v(out27)
wv_select_list_item MainWindow.sigview v(out28)
wv_select_list_item MainWindow.sigview v(out27)
wv_dclick_list_item MainWindow.sigview v(out27)
wv_select_list_item MainWindow.sigview v(out28)
wv_dclick_list_item MainWindow.sigview v(out28)
wv_select_list_item MainWindow.sigview v(out29)
wv_dclick_list_item MainWindow.sigview v(out29)
wv_select_list_item MainWindow.sigview v(out3)
wv_dclick_list_item MainWindow.sigview v(out3)
wv_select_wv_item WV1.PANEL32:1.LEGEND
wv_select_panel WV1.PANEL32:1.LEGEND
wv_press_key Delete
wv_select_dialog Confirmation
wv_press_button Confirmation.Ok
wv_select_list_item MainWindow.sigview v(out30)
wv_dclick_list_item MainWindow.sigview v(out30)
wv_select_list_item MainWindow.sigview v(out31)
wv_dclick_list_item MainWindow.sigview v(out31)
wv_move_window CustomWaveView 0 0
wv_move_window CustomWaveView 8 31
wv_select_toolbar_item {Update Waveforms}
wv_select_dialog ReloadFiles
wv_press_button ReloadFiles.YesAll
wv_move_window CustomWaveView 0 0
wv_move_window CustomWaveView 8 31
wv_move_window CustomWaveView 0 0
wv_move_window CustomWaveView 8 31
wv_select_toolbar_item {Update Waveforms}
wv_select_dialog ReloadFiles
wv_press_button ReloadFiles.YesAll
wv_select_wv_item {WV1.ICON.measurement tool}
wv_release_wv_item WV1 147 13
wv_select_dialog MeasurementTool
# selected MeasurementTool.RefSignal v(cin0) 32_bit_sim_fastest.tr0
wv_select_combox_item MeasurementTool.RefSignal {v(cin0) 32_bit_sim_fastest.tr0}
# selected MeasurementTool.Signal v(out31) 32_bit_sim_fastest.tr0
wv_select_combox_item MeasurementTool.Signal {v(out31) 32_bit_sim_fastest.tr0}
wv_press_button MeasurementTool.Ok
wv_select_wv_item WV1.MEAS1
wv_drag_item_to WV1 515 459
wv_move_wv_item WV1.MEAS1 671 378
wv_move_window CustomWaveView 0 0
wv_move_window CustomWaveView 8 31
wv_move_window CustomWaveView 0 0
wv_move_window CustomWaveView 8 31
wv_move_window CustomWaveView 0 0
wv_move_window CustomWaveView 8 31
wv_move_window CustomWaveView 0 0
