### Custom WaveView ADV log file, revision L-2016.06-SP1 (build Aug 22, ) ###
### created at 13:30:48 on Wed Dec  7 2022 (Linux AMD64) ###
### Host Name: osl15.njit.edu   User ID: jk526   PID: 22977   ###
wv_start_log
# (0) running in waveview only mode
# (0) SW_SX_PERL_LIB defined
# (0) SW_SX_TCL_LIB defined
# (0) HOME defined
wv_move_window CustomWaveView 0 0
wv_resize_window CustomWaveView 800 400
wv_move_window CustomWaveView 346 369
wv_move_window CustomWaveView 0 30
wv_resize_window CustomWaveView 2560 1377
wv_move_window CustomWaveView 8 31
wv_select_menu_item {File} {Import Waveform File ...}
wv_select_dialog FileDialog
wv_set_text FileDialog.FileName {}
wv_select_list_item FileDialog.FileList double_sim.tr0
wv_press_button FileDialog.Ok
wv_expand_tree_item MainWindow.hierview {D0:double_sim.tr0}
wv_select_tree_item MainWindow.hierview {D0:double_sim.tr0}
wv_select_tree_item MainWindow.hierview {D0:double_sim.tr0/toplevel}
wv_select_list_item MainWindow.sigview v(vin)
wv_dclick_list_item MainWindow.sigview v(vin)
wv_select_list_item MainWindow.sigview v(a)
wv_drag_list_item MainWindow.sigview v(a)
wv_drag_enter WV1
wv_drag_to WV1 164 691
wv_drop_on WV1
wv_select_list_item MainWindow.sigview v(out1)
wv_drag_list_item MainWindow.sigview v(out1)
wv_drag_enter WV1
wv_drag_to WV1 10 772
wv_drop_on WV1
wv_waveview_context_menu WV1.PANEL1:1 3.0459e-10 2.24805
wv_select_wv_item {WV1.ICON.text remark}
wv_release_wv_item WV1 159 16
wv_select_dialog DrawToolParameters
wv_select_panel WV1.PANEL1:1 1.54381e-10 2.83934
wv_drag_item_to WV1 239 225
wv_select_wv_item {WV1.ICON.measurement tool}
wv_release_wv_item WV1 140 13
wv_select_dialog MeasurementTool
# selected MeasurementTool.Signal v(out1) double_sim.tr0
wv_select_combox_item MeasurementTool.Signal {v(out1) double_sim.tr0}
# selected MeasurementTool.RefSignal v(vin) double_sim.tr0
wv_select_combox_item MeasurementTool.RefSignal {v(vin) double_sim.tr0}
wv_press_button MeasurementTool.Ok
wv_select_wv_item WV1.MEAS1
wv_drag_item_to WV1 774 415
wv_move_wv_item WV1.MEAS1 571 391
wv_waveview_context_menu WV1.MEAS1
wv_select_context_menu_item {Copy Meter}
wv_select_wv_item WV1.MEAS1
wv_drag_item_to WV1 673 420
wv_move_wv_item WV1.MEAS1 948 410
wv_select_wv_item WV1.MEAS1
wv_drag_item_to WV1 1024 430
wv_move_wv_item WV1.MEAS1 951 392
wv_select_panel WV1.PANEL1:1 1.27399e-09 1.83585
wv_move_window CustomWaveView 0 0
wv_select_dialog DrawToolParameters
wv_move_window CustomWaveView 8 31
wv_select_toolbar_item {Update Waveforms}
wv_select_dialog ReloadFiles
wv_press_button ReloadFiles.YesAll
wv_select_wv_item WV1.MEAS2
wv_drag_item_to WV1 83 23
wv_move_wv_item WV1.MEAS2 607 431
wv_select_wv_item WV1.MEAS1
wv_drag_item_to WV1 1022 412
wv_move_wv_item WV1.MEAS1 956 432
wv_select_panel WV1.PANEL1:1 9.84701e-10 1.86923
wv_drag_item_to WV1 835 567
wv_select_toolbar_item {Update Waveforms}
wv_select_panel WV1.PANEL1:1 1.49235e-09 1.08307
wv_drag_item_to WV1 1200 843
wv_select_toolbar_item {Update Waveforms}
wv_select_dialog ReloadFiles
wv_press_button ReloadFiles.YesAll
wv_select_panel WV1.PANEL1:1 9.98609e-10 1.50264
wv_drag_item_to WV1 845 696
wv_select_toolbar_item {Update Waveforms}
wv_select_panel WV1.PANEL1:1 1.64117e-09 2.27428
wv_drag_item_to WV1 1307 425
wv_select_toolbar_item {Update Waveforms}
wv_select_dialog ReloadFiles
wv_press_button ReloadFiles.YesAll
wv_move_window CustomWaveView 0 0
wv_move_window CustomWaveView 8 31
wv_move_window CustomWaveView 0 0
wv_move_window CustomWaveView 8 31
wv_select_toolbar_item {Update Waveforms}
wv_select_dialog ReloadFiles
wv_press_button ReloadFiles.YesAll
wv_select_toolbar_item {Update Waveforms}
wv_select_toolbar_item {Update Waveforms}
wv_select_panel WV1.PANEL1:1 2.21836e-09 0.403908
wv_drag_item_to WV1 1722 1081
wv_select_toolbar_item {Update Waveforms}
wv_select_dialog ReloadFiles
wv_press_button ReloadFiles.YesAll
wv_select_panel WV1.PANEL1:1 9.19332e-10 2.10749
wv_drag_item_to WV1 788 486
wv_select_toolbar_item {Update Waveforms}
wv_select_panel WV1.PANEL1:1 1.54242e-09 1.20693
wv_drag_item_to WV1 1236 802
wv_select_toolbar_item {Update Waveforms}
wv_select_dialog ReloadFiles
wv_press_button ReloadFiles.YesAll
wv_select_panel WV1.PANEL1:1 4.81224e-10 0.342701
wv_drag_item_to WV1 473 1104
wv_select_toolbar_item {Update Waveforms}
wv_select_dialog ReloadFiles
wv_press_button ReloadFiles.YesAll
wv_select_panel WV1.PANEL1:1 8.92907e-10 2.16561
wv_drag_item_to WV1 769 462
wv_select_panel WV1.PANEL1:1 1.55494e-09 1.32985
wv_drag_item_to WV1 1245 756
wv_select_toolbar_item {Update Waveforms}
wv_select_dialog ReloadFiles
wv_press_button ReloadFiles.YesAll
wv_select_panel WV1.PANEL1:1 7.37135e-10 1.62789
wv_drag_item_to WV1 657 655
wv_select_toolbar_item {Import Waveform File}
wv_select_dialog FileDialog
wv_set_text FileDialog.FileName {double_sim.tr0}
wv_select_toolbar_item {Update Waveforms}
wv_select_panel WV1.PANEL1:1 1.99861e-09 1.41863
wv_drag_item_to WV1 1564 729
wv_select_toolbar_item {Update Waveforms}
wv_select_dialog ReloadFiles
wv_press_button ReloadFiles.YesAll
wv_select_panel WV1.PANEL1:1 9.95828e-10 1.84148
wv_drag_item_to WV1 843 577
wv_select_toolbar_item {Update Waveforms}
wv_select_toolbar_item {Update Waveforms}
wv_select_dialog ReloadFiles
wv_press_button ReloadFiles.YesAll
wv_move_window CustomWaveView 0 0
wv_move_window CustomWaveView 8 31
wv_select_wv_item {WV1.ICON.measurement tool}
wv_release_wv_item WV1 144 16
wv_select_dialog MeasurementTool
# selected MeasurementTool.Signal v(a) double_sim.tr0
wv_select_combox_item MeasurementTool.Signal {v(a) double_sim.tr0}
# selected MeasurementTool.RefSignal v(vin) double_sim.tr0
wv_select_combox_item MeasurementTool.RefSignal {v(vin) double_sim.tr0}
wv_press_button MeasurementTool.Ok
wv_select_wv_item WV1.MEAS3
wv_drag_item_to WV1 850 427
wv_move_wv_item WV1.MEAS3 579 581
wv_waveview_context_menu WV1.MEAS3
wv_select_context_menu_item {Copy Meter}
wv_select_wv_item WV1.MEAS4
wv_drag_item_to WV1 667 613
wv_move_wv_item WV1.MEAS4 959 556
wv_select_panel WV1.PANEL1:1 1.20167e-09 2.23098
wv_drag_item_to WV1 992 440
wv_select_wv_item WV1.MEAS1
wv_drag_item_to WV1 995 452
wv_move_wv_item WV1.MEAS1 977 451
wv_select_panel WV1.PANEL1:1 9.22114e-10 1.99741
wv_select_wv_item WV1.MEAS1
wv_drag_item_to WV1 1001 474
wv_move_wv_item WV1.MEAS1 973 433
wv_select_panel WV1.PANEL1:1 1.36161e-09 2.04014
wv_select_wv_item WV1.MEAS3
wv_drag_item_to WV1 657 605
wv_move_wv_item WV1.MEAS3 567 550
wv_move_window CustomWaveView 0 0
wv_move_window CustomWaveView 8 31
wv_move_window CustomWaveView 0 0
wv_move_window CustomWaveView 8 31
wv_select_wv_item WV1.PANEL1:1.LEGEND
wv_select_panel WV1.PANEL1:1.LEGEND
wv_press_key Delete
wv_select_dialog Confirmation
wv_press_button Confirmation.Ok
wv_select_menu_item {File} {Import Waveform File ...}
wv_select_dialog FileDialog
wv_set_text FileDialog.FileName {double_sim.tr0}
wv_press_button FileDialog.Up
wv_select_list_item FileDialog.FileList and_gate_sims
wv_dclick_list_item FileDialog.FileList and_gate_sims
wv_select_list_item FileDialog.FileList 2in
wv_dclick_list_item FileDialog.FileList 2in
wv_select_list_item FileDialog.FileList 2in_sim.tr0
wv_press_button FileDialog.Ok
wv_select_toolbar_item {Import Waveform File}
wv_select_dialog FileDialog
wv_set_text FileDialog.FileName {2in_sim.tr0}
wv_press_button FileDialog.Up
wv_select_list_item FileDialog.FileList 3in
wv_dclick_list_item FileDialog.FileList 3in
wv_select_list_item FileDialog.FileList 3n_sim.tr0
wv_press_button FileDialog.Ok
wv_select_toolbar_item {Import Waveform File}
wv_select_dialog FileDialog
wv_set_text FileDialog.FileName {3n_sim.tr0}
wv_press_button FileDialog.Up
wv_select_list_item FileDialog.FileList 4in
wv_dclick_list_item FileDialog.FileList 4in
wv_select_list_item FileDialog.FileList 4n_sim.tr0
wv_press_button FileDialog.Ok
wv_select_toolbar_item {Import Waveform File}
wv_select_dialog FileDialog
wv_set_text FileDialog.FileName {4n_sim.tr0}
wv_press_button FileDialog.Up
wv_select_list_item FileDialog.FileList 5in
wv_dclick_list_item FileDialog.FileList 5in
wv_select_list_item FileDialog.FileList 5n_sim.tr0
wv_press_button FileDialog.Ok
wv_collapse_tree_item MainWindow.hierview {D0:double_sim.tr0}
wv_expand_tree_item MainWindow.hierview {D1:2in_sim.tr0}
wv_select_tree_item MainWindow.hierview {D1:2in_sim.tr0}
wv_collapse_tree_item MainWindow.hierview {D1:2in_sim.tr0}
wv_expand_tree_item MainWindow.hierview {D1:2in_sim.tr0}
wv_select_tree_item MainWindow.hierview {D1:2in_sim.tr0}
wv_select_tree_item MainWindow.hierview {D1:2in_sim.tr0/toplevel}
wv_select_list_item MainWindow.sigview v(vin)
wv_dclick_list_item MainWindow.sigview v(vin)
wv_select_wv_item WV1.MEAS2
wv_move_wv_item WV1.MEAS2 641 449
wv_waveview_context_menu WV1.MEAS2
wv_select_context_menu_item {Delete Meter}
wv_select_wv_item WV1.MEAS2
wv_move_wv_item WV1.MEAS2 651 578
wv_waveview_context_menu WV1.PANEL1:1 7.2879e-10 1.82932
wv_waveview_context_menu WV1.MEAS2
wv_select_context_menu_item {Delete All Meters}
wv_select_list_item MainWindow.sigview v(outn)
wv_drag_list_item MainWindow.sigview v(outn)
wv_drag_enter WV1
wv_drag_to WV1 41 619
wv_drop_on WV1
wv_select_list_item MainWindow.sigview v(out)
wv_drag_list_item MainWindow.sigview v(out)
wv_drag_enter WV1
wv_drag_to WV1 20 688
wv_drop_on WV1
wv_expand_tree_item MainWindow.hierview {D2:3n_sim.tr0}
wv_select_tree_item MainWindow.hierview {D2:3n_sim.tr0}
wv_expand_tree_item MainWindow.hierview {D2:3n_sim.tr0/toplevel}
wv_select_tree_item MainWindow.hierview {D2:3n_sim.tr0/toplevel}
wv_select_list_item MainWindow.sigview v(vin)
wv_dclick_list_item MainWindow.sigview v(vin)
wv_select_list_item MainWindow.sigview v(outn)
wv_drag_list_item MainWindow.sigview v(outn)
wv_drag_enter WV1
wv_drag_to WV1 23 757
wv_drag_to WV1 130 765
wv_drop_on WV1
wv_select_list_item MainWindow.sigview v(out)
wv_drag_list_item MainWindow.sigview v(out)
wv_drag_enter WV1
wv_drag_to WV1 3 715
wv_drag_to WV1 178 765
wv_drop_on WV1
wv_collapse_tree_item MainWindow.hierview {D2:3n_sim.tr0}
wv_collapse_tree_item MainWindow.hierview {D1:2in_sim.tr0}
wv_expand_tree_item MainWindow.hierview {D3:4n_sim.tr0}
wv_select_tree_item MainWindow.hierview {D3:4n_sim.tr0}
wv_expand_tree_item MainWindow.hierview {D3:4n_sim.tr0/toplevel}
wv_select_tree_item MainWindow.hierview {D3:4n_sim.tr0/toplevel}
wv_select_list_item MainWindow.sigview v(vin)
wv_dclick_list_item MainWindow.sigview v(vin)
wv_select_list_item MainWindow.sigview v(outn)
wv_drag_list_item MainWindow.sigview v(vdd)
wv_drag_enter WV1
wv_drag_to WV1 16 911
wv_drag_to WV1 31 924
wv_drop_on WV1
wv_select_list_item MainWindow.sigview v(out)
wv_drag_list_item MainWindow.sigview v(out)
wv_drag_enter WV1
wv_drag_to WV1 12 924
wv_drop_on WV1
wv_expand_tree_item MainWindow.hierview {D4:5n_sim.tr0}
wv_select_tree_item MainWindow.hierview {D4:5n_sim.tr0}
wv_expand_tree_item MainWindow.hierview {D4:5n_sim.tr0/toplevel}
wv_select_tree_item MainWindow.hierview {D4:5n_sim.tr0/toplevel}
wv_select_list_item MainWindow.sigview v(vin)
wv_dclick_list_item MainWindow.sigview v(vin)
wv_select_list_item MainWindow.sigview v(outn)
wv_drag_list_item MainWindow.sigview v(vdd)
wv_drag_enter WV1
wv_drag_to WV1 4 1041
wv_drop_on WV1
wv_select_list_item MainWindow.sigview v(out)
wv_drag_list_item MainWindow.sigview v(outn)
wv_drag_enter WV1
wv_drag_to WV1 11 1004
wv_drop_on WV1
wv_select_wv_item WV1.PANEL4:1.LEGEND
wv_select_panel WV1.PANEL4:1.LEGEND
wv_press_key Delete
wv_select_dialog Confirmation
wv_press_button Confirmation.Ok
wv_waveview_context_menu WV1.PANEL1:1 2.1975e-10 1.94201
wv_select_wv_item {WV1.ICON.measurement tool}
wv_release_wv_item WV1 140 15
wv_select_dialog MeasurementTool
wv_move_dialog MeasurementTool 650 389
# selected MeasurementTool.Signal v(out) 4n_sim.tr0
wv_select_combox_item MeasurementTool.Signal {v(out) 4n_sim.tr0}
# selected MeasurementTool.Signal v(out) 2in_sim.tr0
wv_select_combox_item MeasurementTool.Signal {v(out) 2in_sim.tr0}
# selected MeasurementTool.RefSignal v(vin) 2in_sim.tr0
wv_select_combox_item MeasurementTool.RefSignal {v(vin) 2in_sim.tr0}
wv_press_button MeasurementTool.Ok
wv_select_wv_item WV1.MEAS1
wv_drag_item_to WV1 859 175
wv_move_wv_item WV1.MEAS1 557 159
wv_select_wv_item WV1.MEAS1
wv_drag_item_to WV1 637 187
wv_move_wv_item WV1.MEAS1 566 167
wv_waveview_context_menu WV1.MEAS1
wv_select_context_menu_item {Move Meter}
wv_waveview_context_menu WV1.MEAS1
wv_select_context_menu_item {Copy Meter}
wv_select_wv_item WV1.MEAS2
wv_drag_item_to WV1 677 198
wv_move_wv_item WV1.MEAS2 964 162
wv_select_panel WV1.PANEL2:1 7.60779e-10 2.00045
wv_waveview_context_menu WV1.PANEL2:1 7.60779e-10 2.00045
wv_waveview_context_menu WV1.PANEL2:1 8.51182e-10 2.22275
wv_select_wv_item {WV1.ICON.measurement tool}
wv_release_wv_item WV1 145 7
wv_select_dialog MeasurementTool
# selected MeasurementTool.Signal v(vin) 3n_sim.tr0
wv_select_combox_item MeasurementTool.Signal {v(vin) 3n_sim.tr0}
# selected MeasurementTool.Signal v(outn) 3n_sim.tr0
wv_select_combox_item MeasurementTool.Signal {v(outn) 3n_sim.tr0}
# selected MeasurementTool.Signal v(out) 3n_sim.tr0
wv_select_combox_item MeasurementTool.Signal {v(out) 3n_sim.tr0}
wv_press_button MeasurementTool.Ok
wv_select_wv_item WV1.MEAS3
wv_drag_item_to WV1 824 571
wv_move_wv_item WV1.MEAS3 565 564
wv_waveview_context_menu WV1.MEAS3
wv_select_context_menu_item {Copy Meter}
wv_select_wv_item WV1.MEAS3
wv_drag_item_to WV1 677 593
wv_move_wv_item WV1.MEAS3 975 568
wv_select_wv_item WV1.MEAS4
wv_drag_item_to WV1 657 595
wv_move_wv_item WV1.MEAS4 608 567
wv_select_panel WV1.PANEL2:1 8.40056e-10 1.14682
wv_select_wv_item {WV1.ICON.measurement tool}
wv_release_wv_item WV1 142 15
wv_select_dialog MeasurementTool
# selected MeasurementTool.Signal v(vin) 4n_sim.tr0
wv_select_combox_item MeasurementTool.Signal {v(vin) 4n_sim.tr0}
# selected MeasurementTool.Signal v(out) 4n_sim.tr0
wv_select_combox_item MeasurementTool.Signal {v(out) 4n_sim.tr0}
# selected MeasurementTool.RefSignal v(vin) 4n_sim.tr0
wv_select_combox_item MeasurementTool.RefSignal {v(vin) 4n_sim.tr0}
wv_press_button MeasurementTool.Ok
wv_select_wv_item WV1.MEAS5
wv_drag_item_to WV1 844 966
wv_move_wv_item WV1.MEAS5 598 955
wv_waveview_context_menu WV1.MEAS5
wv_select_context_menu_item {Copy Meter}
wv_select_wv_item WV1.MEAS5
wv_drag_item_to WV1 710 982
wv_move_wv_item WV1.MEAS5 971 959
wv_move_window CustomWaveView 0 23
wv_move_window CustomWaveView 1 31
wv_resize_window CustomWaveView 1278 668
wv_move_window CustomWaveView 8 31
wv_resize_window CustomWaveView 2560 1377
wv_move_window CustomWaveView 8 214
wv_resize_window CustomWaveView 2560 1194
wv_move_window CustomWaveView 1 31
wv_resize_window CustomWaveView 1278 668
wv_move_window CustomWaveView -1130 234
wv_resize_window CustomWaveView 2560 1194
wv_move_window CustomWaveView 0 23
wv_resize_window CustomWaveView 2560 1377
wv_select_wv_item WV1.MEAS4
wv_drag_item_to WV1 685 593
wv_move_wv_item WV1.MEAS4 641 616
wv_select_wv_item WV1.MEAS6
wv_drag_item_to WV1 671 562
wv_move_wv_item WV1.MEAS6 652 1023
wv_select_wv_item WV1.MEAS3
wv_drag_item_to WV1 1036 563
wv_move_wv_item WV1.MEAS3 1034 1020
wv_select_panel WV1.PANEL3:1 1.10153e-09 1.66866
wv_move_window CustomWaveView -5 174
wv_resize_window CustomWaveView 2560 1194
wv_move_window CustomWaveView 8 174
wv_select_wv_item WV1.MEAS6
wv_drag_item_to WV1 688 1048
wv_move_wv_item WV1.MEAS6 643 853
wv_select_wv_item WV1.MEAS3
wv_drag_item_to WV1 1095 1036
wv_move_wv_item WV1.MEAS3 849 434
wv_select_wv_item WV1.MEAS5
wv_drag_item_to WV1 1027 583
wv_move_wv_item WV1.MEAS5 1008 849
wv_select_wv_item WV1.MEAS3
wv_drag_item_to WV1 924 450
wv_move_wv_item WV1.MEAS3 1042 598
wv_move_window CustomWaveView 0 23
wv_resize_window CustomWaveView 2560 1377
wv_move_window CustomWaveView 0 0
wv_move_window CustomWaveView 0 23
wv_move_window CustomWaveView 0 0
wv_move_window CustomWaveView 0 23
wv_select_toolbar_item {Update Waveforms}
wv_select_dialog ReloadFiles
wv_press_button ReloadFiles.YesAll
wv_move_window CustomWaveView 0 0
wv_move_window CustomWaveView 0 23
wv_move_window CustomWaveView 0 0
wv_move_window CustomWaveView 0 23
wv_select_toolbar_item {Update Waveforms}
wv_select_dialog ReloadFiles
wv_press_button ReloadFiles.YesAll
wv_move_window CustomWaveView 0 0
wv_move_window CustomWaveView 0 23
wv_select_toolbar_item {Update Waveforms}
wv_select_dialog ReloadFiles
wv_press_button ReloadFiles.YesAll
wv_move_window CustomWaveView 0 0
wv_move_window CustomWaveView 0 23
wv_select_toolbar_item {Update Waveforms}
wv_select_dialog ReloadFiles
wv_press_button ReloadFiles.YesAll
wv_select_toolbar_item {Update Waveforms}
wv_select_dialog ReloadFiles
wv_press_button ReloadFiles.YesAll
wv_move_window CustomWaveView 0 0
wv_move_window CustomWaveView 0 23
wv_select_toolbar_item {Update Waveforms}
wv_select_dialog ReloadFiles
wv_press_button ReloadFiles.YesAll
wv_select_toolbar_item {Update Waveforms}
wv_select_dialog ReloadFiles
wv_press_button ReloadFiles.YesAll
wv_select_toolbar_item {Update Waveforms}
wv_select_dialog ReloadFiles
wv_press_button ReloadFiles.YesAll
wv_select_toolbar_item {Update Waveforms}
wv_select_panel WV1.PANEL2:1 1.46871e-09 0.23095
wv_drag_item_to WV1 1183 804
wv_select_toolbar_item {Update Waveforms}
wv_select_dialog ReloadFiles
wv_press_button ReloadFiles.YesAll
wv_move_window CustomWaveView 0 0
wv_move_window CustomWaveView 0 23
wv_select_toolbar_item {Update Waveforms}
wv_select_dialog ReloadFiles
wv_press_button ReloadFiles.YesAll
wv_move_window CustomWaveView 0 0
wv_move_window CustomWaveView 0 23
wv_select_toolbar_item {Update Waveforms}
wv_select_dialog ReloadFiles
wv_press_button ReloadFiles.YesAll
wv_select_panel WV1.PANEL2:1 1.04729e-09 0.791143
wv_drag_item_to WV1 880 741
wv_select_toolbar_item {Update Waveforms}
wv_select_dialog ReloadFiles
wv_press_button ReloadFiles.YesAll
wv_select_wv_item WV1.MEAS4
wv_drag_item_to WV1 715 639
wv_move_wv_item WV1.MEAS4 580 584
wv_select_wv_item WV1.MEAS3
wv_drag_item_to WV1 1067 617
wv_move_wv_item WV1.MEAS3 977 584
wv_select_panel WV1.PANEL2:1 1.12935e-09 2.42689
wv_drag_item_to WV1 939 554
wv_select_panel WV1.PANEL2:1 1.48818e-09 2.3293
wv_drag_item_to WV1 1197 565
wv_select_toolbar_item {Update Waveforms}
wv_select_dialog ReloadFiles
wv_press_button ReloadFiles.YesAll
wv_select_toolbar_item {Update Waveforms}
wv_select_dialog ReloadFiles
wv_press_button ReloadFiles.YesAll
wv_move_window CustomWaveView 0 0
wv_move_window CustomWaveView 0 23
wv_select_panel WV1.PANEL2:1 1.02503e-09 0.750983
wv_drag_item_to WV1 864 743
wv_select_panel WV1.PANEL2:1 8.59527e-10 2.84437
wv_drag_item_to WV1 745 509
wv_select_toolbar_item {Update Waveforms}
wv_select_panel WV1.PANEL2:1 1.49235e-09 2.56704
wv_drag_item_to WV1 1200 540
wv_select_toolbar_item {Update Waveforms}
wv_select_dialog ReloadFiles
wv_press_button ReloadFiles.YesAll
wv_select_toolbar_item {Update Waveforms}
wv_select_dialog ReloadFiles
wv_press_button ReloadFiles.YesAll
wv_select_wv_item WV1.MEAS6
wv_drag_item_to WV1 731 884
wv_move_wv_item WV1.MEAS6 579 928
wv_select_wv_item WV1.MEAS5
wv_drag_item_to WV1 1058 923
wv_move_wv_item WV1.MEAS5 996 918
wv_move_window CustomWaveView 0 0
wv_move_window CustomWaveView 0 23
wv_select_toolbar_item {Update Waveforms}
wv_select_dialog ReloadFiles
wv_press_button ReloadFiles.YesAll
wv_select_toolbar_item {Update Waveforms}
wv_select_dialog ReloadFiles
wv_press_button ReloadFiles.YesAll
wv_select_panel WV1.PANEL2:1 2.01808e-09 3.25149
wv_drag_item_to WV1 1579 464
wv_select_toolbar_item {Update Waveforms}
wv_select_dialog ReloadFiles
wv_press_button ReloadFiles.YesAll
wv_select_toolbar_item {Update Waveforms}
wv_select_dialog ReloadFiles
wv_press_button ReloadFiles.YesAll
wv_move_window CustomWaveView 0 0
wv_move_window CustomWaveView 0 23
wv_select_menu_item {File} {Save Signal List}
wv_select_dialog FileDialog
wv_set_text FileDialog.FileName {}
wv_press_button FileDialog.Up
wv_set_text FileDialog.FileName {andsim}
wv_press_button FileDialog.Ok
wv_tree_context_menu MainWindow.hierview {D1:2in_sim.tr0}
wv_select_context_menu_item {Close All}
wv_select_dialog Confirmation
wv_press_button Confirmation.Ok
wv_select_menu_item {File} {Import Waveform File ...}
wv_select_dialog FileDialog
wv_set_text FileDialog.FileName {5n_sim.tr0}
wv_press_button FileDialog.Up
wv_select_list_item FileDialog.FileList or_gate_sims
wv_dclick_list_item FileDialog.FileList or_gate_sims
wv_select_list_item FileDialog.FileList 2in
wv_dclick_list_item FileDialog.FileList 2in
wv_select_list_item FileDialog.FileList sim2or.sp
wv_select_list_item FileDialog.FileList sim2or.tr0
wv_press_button FileDialog.Ok
wv_select_menu_item {File} {Import Waveform File ...}
wv_select_dialog FileDialog
wv_set_text FileDialog.FileName {sim2or.tr0}
wv_press_button FileDialog.Up
wv_select_list_item FileDialog.FileList 3in
wv_dclick_list_item FileDialog.FileList 3in
wv_select_list_item FileDialog.FileList sim3or.tr0
wv_press_button FileDialog.Ok
wv_select_toolbar_item {Import Waveform File}
wv_select_dialog FileDialog
wv_set_text FileDialog.FileName {sim3or.tr0}
wv_press_button FileDialog.Up
wv_select_list_item FileDialog.FileList 4in
wv_dclick_list_item FileDialog.FileList 4in
wv_select_list_item FileDialog.FileList sim4or.tr0
wv_press_button FileDialog.Ok
wv_expand_tree_item MainWindow.hierview {D5:sim2or.tr0}
wv_select_tree_item MainWindow.hierview {D5:sim2or.tr0}
wv_select_tree_item MainWindow.hierview {D5:sim2or.tr0/toplevel}
wv_select_list_item MainWindow.sigview i(vin)
wv_dclick_list_item MainWindow.sigview i(vin)
wv_select_wv_item WV1.PANEL1:1.LEGEND
wv_select_panel WV1.PANEL1:1.LEGEND
wv_press_key Delete
wv_select_dialog Confirmation
wv_press_button Confirmation.Ok
wv_select_list_item MainWindow.sigview v(vin)
wv_dclick_list_item MainWindow.sigview v(vin)
wv_select_list_item MainWindow.sigview v(outn)
wv_drag_list_item MainWindow.sigview v(outn)
wv_drag_enter WV1
wv_drag_to WV1 29 743
wv_drop_on WV1
wv_select_list_item MainWindow.sigview v(out)
wv_drag_list_item MainWindow.sigview v(out)
wv_drag_enter WV1
wv_drag_to WV1 13 698
wv_drop_on WV1
wv_expand_tree_item MainWindow.hierview {D6:sim3or.tr0}
wv_select_tree_item MainWindow.hierview {D6:sim3or.tr0}
wv_expand_tree_item MainWindow.hierview {D6:sim3or.tr0/toplevel}
wv_select_tree_item MainWindow.hierview {D6:sim3or.tr0/toplevel}
wv_select_list_item MainWindow.sigview v(vin)
wv_dclick_list_item MainWindow.sigview v(vin)
wv_select_list_item MainWindow.sigview v(outn)
wv_drag_list_item MainWindow.sigview v(outn)
wv_drag_enter WV1
wv_drag_to WV1 5 794
wv_drop_on WV1
wv_select_list_item MainWindow.sigview v(out)
wv_drag_list_item MainWindow.sigview v(out)
wv_drag_enter WV1
wv_drag_to WV1 10 806
wv_drop_on WV1
wv_expand_tree_item MainWindow.hierview {D7:sim4or.tr0}
wv_select_tree_item MainWindow.hierview {D7:sim4or.tr0}
wv_expand_tree_item MainWindow.hierview {D7:sim4or.tr0/toplevel}
wv_select_tree_item MainWindow.hierview {D7:sim4or.tr0/toplevel}
wv_select_list_item MainWindow.sigview v(vin)
wv_dclick_list_item MainWindow.sigview v(vin)
wv_select_list_item MainWindow.sigview v(outn)
wv_drag_list_item MainWindow.sigview v(outn)
wv_drag_enter WV1
wv_drag_to WV1 26 917
wv_drag_to WV1 131 950
wv_drop_on WV1
wv_select_list_item MainWindow.sigview v(out)
wv_drag_list_item MainWindow.sigview v(out)
wv_drag_enter WV1
wv_drag_to WV1 16 922
wv_drop_on WV1
wv_select_wv_item {WV1.ICON.measurement tool}
wv_release_wv_item WV1 147 16
wv_select_dialog MeasurementTool
# selected MeasurementTool.Signal v(out) sim2or.tr0
wv_select_combox_item MeasurementTool.Signal {v(out) sim2or.tr0}
# selected MeasurementTool.RefSignal v(vin) sim2or.tr0
wv_select_combox_item MeasurementTool.RefSignal {v(vin) sim2or.tr0}
wv_press_button MeasurementTool.Ok
wv_select_wv_item WV1.MEAS1
wv_drag_item_to WV1 851 171
wv_move_wv_item WV1.MEAS1 559 163
wv_waveview_context_menu WV1.MEAS1
wv_select_context_menu_item {Copy Meter}
wv_select_wv_item WV1.MEAS2
wv_drag_item_to WV1 669 196
wv_move_wv_item WV1.MEAS2 967 163
wv_select_panel WV1.PANEL2:1 2.3783e-10 3.04132
wv_select_wv_item {WV1.ICON.measurement tool}
wv_release_wv_item WV1 146 13
wv_select_dialog MeasurementTool
# selected MeasurementTool.Signal v(out) sim3or.tr0
wv_select_combox_item MeasurementTool.Signal {v(out) sim3or.tr0}
# selected MeasurementTool.RefSignal v(vin) sim3or.tr0
wv_select_combox_item MeasurementTool.RefSignal {v(vin) sim3or.tr0}
wv_press_button MeasurementTool.Ok
wv_select_wv_item WV1.MEAS3
wv_drag_item_to WV1 819 574
wv_move_wv_item WV1.MEAS3 584 567
wv_waveview_context_menu WV1.MEAS3
wv_select_context_menu_item {Copy Meter}
wv_select_wv_item WV1.MEAS4
wv_drag_item_to WV1 692 601
wv_move_wv_item WV1.MEAS4 995 562
wv_select_wv_item {WV1.ICON.measurement tool}
wv_release_wv_item WV1 148 18
wv_select_dialog MeasurementTool
# selected MeasurementTool.RefSignal v(vin) sim4or.tr0
wv_select_combox_item MeasurementTool.RefSignal {v(vin) sim4or.tr0}
# selected MeasurementTool.Signal v(out) sim4or.tr0
wv_select_combox_item MeasurementTool.Signal {v(out) sim4or.tr0}
wv_press_button MeasurementTool.Ok
wv_select_wv_item WV1.MEAS5
wv_drag_item_to WV1 825 968
wv_move_wv_item WV1.MEAS5 581 965
wv_waveview_context_menu WV1.MEAS5
wv_select_context_menu_item {Copy Meter}
wv_select_wv_item WV1.MEAS6
wv_drag_item_to WV1 702 1006
wv_move_wv_item WV1.MEAS6 1008 962
wv_waveview_context_menu WV1.MEAS6
wv_select_context_menu_item {Configure...}
wv_select_tree_item MeasurementTool.TypeList {Time Domain/Delay}
wv_expand_tree_item MeasurementTool.TypeList {General}
wv_select_tree_item MeasurementTool.TypeList {General/Width}
wv_select_tree_item MeasurementTool.TypeList {Time Domain/Delay}
wv_select_dialog MeasurementTool
wv_select_panel WV1.PANEL1:1 1.13491e-09 1.25991
wv_drag_item_to WV1 943 294
wv_select_toolbar_item {Update Waveforms}
wv_select_dialog ReloadFiles
wv_press_button ReloadFiles.YesAll
wv_select_panel WV1.PANEL2:1 9.24896e-10 2.9338
wv_drag_item_to WV1 792 506
wv_select_panel WV1.PANEL2:1 1.38943e-09 1.30317
wv_drag_item_to WV1 1127 688
wv_select_toolbar_item {Update Waveforms}
wv_select_dialog ReloadFiles
wv_press_button ReloadFiles.YesAll
wv_select_panel WV1.PANEL1:1 1.18498e-09 1.72144
wv_drag_item_to WV1 979 244
wv_select_toolbar_item {Update Waveforms}
wv_select_panel WV1.PANEL1:1 1.36996e-09 1.21832
wv_drag_item_to WV1 1112 300
wv_select_toolbar_item {Update Waveforms}
wv_select_dialog ReloadFiles
wv_press_button ReloadFiles.YesAll
wv_move_window CustomWaveView 0 0
wv_move_window CustomWaveView 0 23
wv_select_panel WV1.PANEL2:1 1.05563e-09 3.27427
wv_drag_item_to WV1 886 468
wv_select_toolbar_item {Update Waveforms}
wv_select_panel WV1.PANEL2:1 1.78164e-09 0.407214
wv_drag_item_to WV1 1408 788
wv_select_toolbar_item {Update Waveforms}
wv_select_dialog ReloadFiles
wv_press_button ReloadFiles.YesAll
wv_select_panel WV1.PANEL1:1 8.94298e-10 1.6472
wv_drag_item_to WV1 770 250
wv_select_toolbar_item {Update Waveforms}
wv_select_dialog ReloadFiles
wv_press_button ReloadFiles.YesAll
wv_select_toolbar_item {Update Waveforms}
wv_select_dialog ReloadFiles
wv_press_button ReloadFiles.YesAll
wv_select_panel WV1.PANEL2:1 8.92907e-10 0.792475
wv_drag_item_to WV1 769 745
wv_select_panel WV1.PANEL2:1 1.42698e-09 2.11849
wv_drag_item_to WV1 1153 597
wv_select_toolbar_item {Update Waveforms}
wv_select_dialog ReloadFiles
wv_press_button ReloadFiles.YesAll
wv_move_window CustomWaveView 0 0
wv_move_window CustomWaveView 0 23
wv_select_toolbar_item {Update Waveforms}
wv_select_dialog ReloadFiles
wv_press_button ReloadFiles.YesAll
wv_select_panel WV1.PANEL1:1 2.33241e-09 2.22627
wv_drag_item_to WV1 1804 185
wv_select_toolbar_item {Update Waveforms}
wv_select_dialog ReloadFiles
wv_press_button ReloadFiles.YesAll
wv_select_panel WV1.PANEL2:1 4.84006e-10 1.31213
wv_drag_item_to WV1 475 687
wv_select_panel WV1.PANEL2:1 1.05981e-09 2.59334
wv_drag_item_to WV1 889 544
wv_select_toolbar_item {Update Waveforms}
wv_select_dialog ReloadFiles
wv_move_dialog ReloadFiles 1392 826
wv_press_button ReloadFiles.Yes
wv_select_toolbar_item {Update Waveforms}
wv_select_dialog ReloadFiles
wv_press_button ReloadFiles.YesAll
wv_select_toolbar_item {Update Waveforms}
wv_select_dialog ReloadFiles
wv_press_button ReloadFiles.YesAll
wv_select_panel WV1.PANEL1:1 8.06676e-10 0.563109
wv_drag_item_to WV1 707 372
wv_select_wv_item WV1.LEGEND.WIDTH
wv_drag_item_to WV1 81 161
wv_move_wv_item WV1.PANEL1:1.LEGEND.WIDTH 68
wv_tree_context_menu MainWindow.hierview {D7:sim4or.tr0/toplevel}
wv_select_context_menu_item {Close All}
wv_select_dialog Confirmation
wv_press_button Confirmation.Ok
wv_move_window CustomWaveView 0 0
wv_move_window CustomWaveView 0 23
wv_select_toolbar_item {Import Waveform File}
wv_select_dialog FileDialog
wv_set_text FileDialog.FileName {sim4or.tr0}
wv_press_button FileDialog.Up
wv_press_button FileDialog.Up
wv_select_list_item FileDialog.FileList subckt_sims
wv_dclick_list_item FileDialog.FileList subckt_sims
# selected FileDialog.FileFilter Waveform Files:*
wv_select_combox_item FileDialog.FileFilter {Waveform Files:*}
wv_select_list_item FileDialog.FileList sim_sub_i.tr0
wv_press_button FileDialog.Ok
wv_expand_tree_item MainWindow.hierview {D8:sim_sub_i.tr0}
wv_select_tree_item MainWindow.hierview {D8:sim_sub_i.tr0}
wv_select_tree_item MainWindow.hierview {D8:sim_sub_i.tr0/toplevel}
wv_select_list_item MainWindow.sigview v(vin)
wv_dclick_list_item MainWindow.sigview v(vin)
wv_select_list_item MainWindow.sigview v(outn)
wv_drag_list_item MainWindow.sigview v(outn)
wv_drag_enter WV1
wv_drag_to WV1 65 694
wv_drop_on WV1
wv_select_list_item MainWindow.sigview v(out)
wv_drag_list_item MainWindow.sigview v(out)
wv_drag_enter WV1
wv_drag_to WV1 73 662
wv_drop_on WV1
wv_select_wv_item {WV1.ICON.measurement tool}
wv_release_wv_item WV1 144 16
wv_select_dialog MeasurementTool
# selected MeasurementTool.RefSignal v(vin) sim_sub_i.tr0
wv_select_combox_item MeasurementTool.RefSignal {v(vin) sim_sub_i.tr0}
# selected MeasurementTool.Signal v(out) sim_sub_i.tr0
wv_select_combox_item MeasurementTool.Signal {v(out) sim_sub_i.tr0}
wv_press_button MeasurementTool.Ok
wv_select_wv_item WV1.MEAS1
wv_drag_item_to WV1 844 418
wv_move_wv_item WV1.MEAS1 572 465
wv_waveview_context_menu WV1.MEAS1
wv_select_context_menu_item {Copy Meter}
wv_select_wv_item WV1.MEAS2
wv_drag_item_to WV1 681 495
wv_move_wv_item WV1.MEAS2 964 455
wv_select_wv_item WV1.MEAS2
wv_drag_item_to WV1 1001 480
wv_move_wv_item WV1.MEAS2 958 471
wv_select_wv_item WV1.MEAS1
wv_drag_item_to WV1 638 483
wv_move_wv_item WV1.MEAS1 558 470
wv_select_toolbar_item {Update Waveforms}
wv_select_dialog ReloadFiles
wv_press_button ReloadFiles.YesAll
wv_select_toolbar_item {Update Waveforms}
wv_select_panel WV1.PANEL1:1 1.59944e-09 0.847
wv_drag_item_to WV1 1277 929
wv_select_toolbar_item {Update Waveforms}
wv_select_dialog ReloadFiles
wv_press_button ReloadFiles.YesAll
wv_move_window CustomWaveView 0 0
wv_move_window CustomWaveView 0 23
wv_select_toolbar_item {Update Waveforms}
wv_select_dialog ReloadFiles
wv_press_button ReloadFiles.YesAll
wv_move_window CustomWaveView 0 0
wv_move_window CustomWaveView 0 23
wv_select_toolbar_item {Update Waveforms}
wv_select_dialog ReloadFiles
wv_press_button ReloadFiles.YesAll
wv_select_toolbar_item {Update Waveforms}
wv_select_panel WV1.PANEL1:1 1.8331e-09 1.57331
wv_drag_item_to WV1 1445 693
wv_select_toolbar_item {Update Waveforms}
wv_select_dialog ReloadFiles
wv_press_button ReloadFiles.YesAll
wv_select_toolbar_item {Import Waveform File}
wv_select_dialog FileDialog
wv_set_text FileDialog.FileName {sim_sub_i.tr0}
wv_move_window CustomWaveView 0 0
wv_move_window CustomWaveView 0 23
wv_select_toolbar_item {Update Waveforms}
wv_select_toolbar_item {Update Waveforms}
wv_select_toolbar_item {Update Waveforms}
wv_select_toolbar_item {Update Waveforms}
wv_select_toolbar_item {Update Waveforms}
wv_select_toolbar_item {Update Waveforms}
wv_select_toolbar_item {Update Waveforms}
wv_select_dialog ReloadFiles
wv_press_button ReloadFiles.YesAll
wv_move_window CustomWaveView 0 0
wv_move_window CustomWaveView 0 23
wv_select_toolbar_item {Update Waveforms}
wv_select_dialog ReloadFiles
wv_press_button ReloadFiles.YesAll
wv_move_window CustomWaveView 0 0
wv_move_window CustomWaveView 0 23
wv_select_panel WV1.PANEL1:1 7.57997e-10 3.0534
wv_drag_item_to WV1 672 187
wv_select_menu_item {File} {Import Waveform File ...}
wv_select_dialog FileDialog
wv_set_text FileDialog.FileName {sim_sub_i.tr0}
wv_select_list_item FileDialog.FileList sim_sub_vi.tr0
wv_dclick_list_item FileDialog.FileList sim_sub_vi.tr0
wv_expand_tree_item MainWindow.hierview {D8:sim_sub_vi.tr0}
wv_select_tree_item MainWindow.hierview {D8:sim_sub_vi.tr0}
wv_select_tree_item MainWindow.hierview {D8:sim_sub_vi.tr0/toplevel}
wv_select_list_item MainWindow.sigview v(vin)
wv_dclick_list_item MainWindow.sigview v(vin)
wv_select_list_item MainWindow.sigview v(out_n)
wv_drag_list_item MainWindow.sigview v(out_n)
wv_drag_enter WV1
wv_drag_to WV1 6 807
wv_drop_on WV1
wv_select_list_item MainWindow.sigview v(out)
wv_drag_list_item MainWindow.sigview v(out)
wv_drag_enter WV1
wv_drag_to WV1 5 769
wv_drop_on WV1
wv_select_panel WV1.PANEL1:1 1.60779e-09 1.26473
wv_drag_item_to WV1 1283 418
wv_select_toolbar_item {Update Waveforms}
wv_select_dialog ReloadFiles
wv_press_button ReloadFiles.YesAll
wv_move_window CustomWaveView 0 0
wv_move_window CustomWaveView 0 23
wv_select_toolbar_item {Update Waveforms}
wv_select_dialog ReloadFiles
wv_press_button ReloadFiles.YesAll
wv_select_toolbar_item {Update Waveforms}
wv_select_dialog ReloadFiles
wv_press_button ReloadFiles.YesAll
wv_select_toolbar_item {Update Waveforms}
wv_select_toolbar_item {Update Waveforms}
wv_select_toolbar_item {Update Waveforms}
wv_select_toolbar_item {Update Waveforms}
wv_select_toolbar_item {Update Waveforms}
wv_select_toolbar_item {Update Waveforms}
wv_select_toolbar_item {Update Waveforms}
wv_select_dialog ReloadFiles
wv_press_button ReloadFiles.YesAll
wv_select_panel WV1.PANEL2:1 1.4993e-09 1.79287
wv_drag_item_to WV1 1205 915
wv_select_toolbar_item {Update Waveforms}
wv_select_dialog ReloadFiles
wv_press_button ReloadFiles.YesAll
wv_select_toolbar_item {Update Waveforms}
wv_select_toolbar_item {Update Waveforms}
wv_select_dialog ReloadFiles
wv_press_button ReloadFiles.YesAll
wv_select_toolbar_item {Update Waveforms}
wv_select_dialog ReloadFiles
wv_press_button ReloadFiles.YesAll
wv_select_toolbar_item {Update Waveforms}
wv_select_dialog ReloadFiles
wv_press_button ReloadFiles.YesAll
wv_select_toolbar_item {Update Waveforms}
wv_select_dialog ReloadFiles
wv_press_button ReloadFiles.YesAll
wv_expand_tree_item MainWindow.hierview {D8:sim_sub_vi.tr0/toplevel}
wv_select_tree_item MainWindow.hierview {D8:sim_sub_vi.tr0/toplevel}
wv_collapse_tree_item MainWindow.hierview {D8:sim_sub_vi.tr0/toplevel}
wv_select_list_item MainWindow.sigview i(vin)
wv_drag_list_item MainWindow.sigview i(vin)
wv_drag_enter WV1
wv_drag_to WV1 4 744
wv_drag_to WV1 242 809
wv_drop_on WV1
wv_select_list_item MainWindow.sigview v(vin)
wv_drag_list_item MainWindow.sigview v(vin)
wv_drag_enter WV1
wv_drag_to WV1 13 816
wv_drop_on WV1
wv_select_wv_item WV1.PANEL2:1.LEGEND
wv_select_panel WV1.PANEL2:1.LEGEND
wv_press_key Delete
wv_select_dialog Confirmation
wv_press_button Confirmation.Ok
wv_select_list_item MainWindow.sigview v(vin)
wv_dclick_list_item MainWindow.sigview v(vin)
wv_select_list_item MainWindow.sigview v(outn)
wv_drag_list_item MainWindow.sigview v(outn)
wv_drag_enter WV1
wv_drag_to WV1 1 755
wv_drop_on WV1
wv_select_wv_item WV1.PANEL2:1.LEGEND
wv_select_panel WV1.PANEL2:1.LEGEND
wv_press_key Delete
wv_select_dialog Confirmation
wv_press_button Confirmation.Ok
wv_drag_list_item MainWindow.sigview v(outn)
wv_drag_enter WV1
wv_drag_to WV1 0 763
wv_drop_on WV1
wv_select_list_item MainWindow.sigview v(out)
wv_drag_list_item MainWindow.sigview v(out)
wv_drag_enter WV1
wv_drag_to WV1 44 818
wv_drop_on WV1
wv_move_window CustomWaveView 0 0
wv_move_window CustomWaveView 0 23
wv_select_toolbar_item {Update Waveforms}
wv_select_dialog ReloadFiles
wv_press_button ReloadFiles.YesAll
wv_move_window CustomWaveView 0 0
wv_move_window CustomWaveView 0 23
wv_select_toolbar_item {Update Waveforms}
wv_select_dialog ReloadFiles
wv_press_button ReloadFiles.YesAll
wv_move_window CustomWaveView 0 0
wv_move_window CustomWaveView 0 23
wv_select_toolbar_item {Update Waveforms}
wv_select_dialog ReloadFiles
wv_press_button ReloadFiles.YesAll
wv_waveview_context_menu WV1.PANEL2:1 4.50626e-10 1.64209
wv_select_wv_item WV1.PANEL1:1.LEGEND
wv_select_panel WV1.PANEL1:1.LEGEND
wv_press_key Delete
wv_select_dialog Confirmation
wv_press_button Confirmation.Ok
wv_select_wv_item {WV1.ICON.measurement tool}
wv_release_wv_item WV1 143 13
wv_select_dialog MeasurementTool
# selected MeasurementTool.RefSignal v(vin) sim_sub_vi.tr0
wv_select_combox_item MeasurementTool.RefSignal {v(vin) sim_sub_vi.tr0}
# selected MeasurementTool.Signal v(out) sim_sub_vi.tr0
wv_select_combox_item MeasurementTool.Signal {v(out) sim_sub_vi.tr0}
wv_press_button MeasurementTool.Ok
wv_waveview_context_menu WV1.MEAS2
wv_select_context_menu_item {Delete Meter}
wv_waveview_context_menu WV1.MEAS1
wv_select_context_menu_item {Delete Meter}
wv_select_wv_item WV1.MEAS1
wv_drag_item_to WV1 849 419
wv_move_wv_item WV1.MEAS1 573 453
wv_waveview_context_menu WV1.MEAS1
wv_select_context_menu_item {Copy Meter}
wv_select_wv_item WV1.MEAS2
wv_drag_item_to WV1 660 484
wv_move_wv_item WV1.MEAS2 954 451
wv_select_toolbar_item {Update Waveforms}
wv_select_dialog ReloadFiles
wv_press_button ReloadFiles.YesAll
wv_select_toolbar_item {Update Waveforms}
wv_select_panel WV1.PANEL1:1 1.879e-09 1.15762
wv_drag_item_to WV1 1478 825
wv_select_toolbar_item {Update Waveforms}
wv_select_dialog ReloadFiles
wv_press_button ReloadFiles.YesAll
wv_select_panel WV1.PANEL1:1 1.02225e-09 2.46498
wv_drag_item_to WV1 862 359
wv_select_panel WV1.PANEL1:1 1.5452e-09 2.04466
wv_drag_item_to WV1 1238 506
wv_select_toolbar_item {Update Waveforms}
wv_select_dialog ReloadFiles
wv_press_button ReloadFiles.YesAll
wv_select_panel WV1.PANEL1:1 9.76356e-10 2.32449
wv_drag_item_to WV1 829 432
wv_select_toolbar_item {Update Waveforms}
wv_move_window CustomWaveView 0 0
wv_move_window CustomWaveView 0 23
wv_select_toolbar_item {Update Waveforms}
wv_select_dialog ReloadFiles
wv_press_button ReloadFiles.YesAll
wv_move_window CustomWaveView 0 0
wv_move_window CustomWaveView 0 23
wv_move_window CustomWaveView 0 0
wv_move_window CustomWaveView 0 23
wv_move_window CustomWaveView 0 0
wv_move_window CustomWaveView 0 23
wv_select_wv_item WV1.PANEL1:1.LEGEND
wv_select_panel WV1.PANEL1:1.LEGEND
wv_press_key Delete
wv_select_dialog Confirmation
wv_press_button Confirmation.Ok
wv_tree_context_menu MainWindow.hierview {D8:sim_sub_vi.tr0}
wv_select_context_menu_item {Close All}
wv_select_dialog Confirmation
wv_press_button Confirmation.Ok
wv_select_menu_item {File} {Import Waveform File ...}
wv_select_dialog FileDialog
wv_set_text FileDialog.FileName {sim_sub_vi.tr0}
wv_press_button FileDialog.Up
wv_select_list_item FileDialog.FileList 4_bit_sim_form_2
wv_dclick_list_item FileDialog.FileList 4_bit_sim_form_2
wv_select_list_item FileDialog.FileList 4_bit_sim_2.tr0
wv_press_button FileDialog.Ok
wv_expand_tree_item MainWindow.hierview {D9:4_bit_sim_2.tr0}
wv_select_tree_item MainWindow.hierview {D9:4_bit_sim_2.tr0}
wv_expand_tree_item MainWindow.hierview {D9:4_bit_sim_2.tr0/toplevel}
wv_select_tree_item MainWindow.hierview {D9:4_bit_sim_2.tr0/toplevel}
wv_select_list_item MainWindow.sigview v(vin)
wv_dclick_list_item MainWindow.sigview v(vin)
wv_select_list_item MainWindow.sigview v(out1)
wv_drag_list_item MainWindow.sigview v(out1)
wv_drag_enter WV1
wv_drag_to WV1 4 756
wv_drop_on WV1
wv_select_list_item MainWindow.sigview v(out2)
wv_drag_list_item MainWindow.sigview v(out2)
wv_drag_enter WV1
wv_drag_to WV1 3 709
wv_drop_on WV1
wv_select_wv_item WV1.PANEL1:1.LEGEND
wv_select_panel WV1.PANEL1:1.LEGEND
wv_press_key Delete
wv_select_dialog Confirmation
wv_press_button Confirmation.Ok
wv_select_list_item MainWindow.sigview v(vin)
wv_dclick_list_item MainWindow.sigview v(vin)
wv_select_list_item MainWindow.sigview v(out0)
wv_dclick_list_item MainWindow.sigview v(out0)
wv_select_list_item MainWindow.sigview v(out1)
wv_dclick_list_item MainWindow.sigview v(out1)
wv_select_list_item MainWindow.sigview v(out2)
wv_dclick_list_item MainWindow.sigview v(out2)
wv_select_list_item MainWindow.sigview v(out3)
wv_dclick_list_item MainWindow.sigview v(out3)
wv_select_list_item MainWindow.sigview v(out0)
wv_dclick_list_item MainWindow.sigview v(out0)
wv_select_wv_item WV1.PANEL6:1.LEGEND
wv_select_panel WV1.PANEL6:1.LEGEND
wv_press_key Delete
wv_select_dialog Confirmation
wv_press_button Confirmation.Ok
wv_select_list_item MainWindow.sigview v(cout)
wv_drag_list_item MainWindow.sigview v(cout)
wv_drag_enter WV1
wv_drag_to WV1 1 780
wv_drag_to WV1 35 813
wv_drag_leave WV1
wv_select_list_item MainWindow.sigview v(cout)
wv_dclick_list_item MainWindow.sigview v(cout)
wv_select_list_item MainWindow.sigview v(e0)
wv_drag_list_item MainWindow.sigview v(e0)
wv_select_list_item MainWindow.sigview v(e0)
wv_dclick_list_item MainWindow.sigview v(e0)
wv_select_toolbar_item {Update Waveforms}
wv_select_dialog ReloadFiles
wv_press_button ReloadFiles.YesAll
wv_select_panel WV1.PANEL2:1 5.64673e-08 0.000289286
wv_drag_item_to WV1 1345 256
wv_select_toolbar_item {Update Waveforms}
wv_select_dialog ReloadFiles
wv_press_button ReloadFiles.YesAll
wv_select_list_item MainWindow.sigview v(p0)
wv_dclick_list_item MainWindow.sigview v(p0)
wv_select_toolbar_item {Update Waveforms}
wv_select_dialog ReloadFiles
wv_press_button ReloadFiles.YesAll
wv_select_wv_item WV1.PANEL1:1.LEGEND
wv_select_panel WV1.PANEL1:1.LEGEND
wv_press_key Delete
wv_select_dialog Confirmation
wv_press_button Confirmation.Ok
wv_select_wv_item WV1.PANEL1:1.LEGEND
wv_select_panel WV1.PANEL1:1.LEGEND
wv_press_key Delete
wv_select_dialog Confirmation
wv_press_button Confirmation.Ok
wv_select_wv_item WV1.PANEL1:1.LEGEND
wv_select_panel WV1.PANEL1:1.LEGEND
wv_press_key Delete
wv_select_dialog Confirmation
wv_press_button Confirmation.Ok
wv_press_key Delete
#please select panel(s) for the delete action
wv_waveview_context_menu WV1.PANEL1:1.LEGEND
wv_select_context_menu_item {Delete Panel}
wv_select_dialog Confirmation
wv_press_button Confirmation.Ok
wv_select_wv_item WV1.PANEL1:1.LEGEND
wv_select_panel WV1.PANEL1:1.LEGEND
wv_press_key Delete
wv_select_dialog Confirmation
wv_press_button Confirmation.Ok
wv_release_wv_item WV1 11 290
wv_press_key Delete
#please select panel(s) for the delete action
wv_select_wv_item WV1.PANEL1:1.LEGEND
wv_select_panel WV1.PANEL1:1.LEGEND
wv_press_key Delete
wv_select_dialog Confirmation
wv_press_button Confirmation.Ok
wv_select_wv_item WV1.PANEL1:1.LEGEND
wv_select_panel WV1.PANEL1:1.LEGEND
wv_press_key Delete
wv_select_dialog Confirmation
wv_press_button Confirmation.Ok
wv_select_wv_item WV1.PANEL1:1.LEGEND
wv_select_panel WV1.PANEL1:1.LEGEND
wv_press_key Delete
wv_select_dialog Confirmation
wv_press_button Confirmation.Ok
wv_select_list_item MainWindow.sigview v(vin)
wv_dclick_list_item MainWindow.sigview v(vin)
wv_select_list_item MainWindow.sigview v(out0)
wv_drag_list_item MainWindow.sigview v(out0)
wv_drag_enter WV1
wv_drag_to WV1 7 642
wv_drop_on WV1
wv_select_list_item MainWindow.sigview v(vin)
wv_dclick_list_item MainWindow.sigview v(vin)
wv_select_list_item MainWindow.sigview v(out1)
wv_drag_list_item MainWindow.sigview v(out1)
wv_drag_enter WV1
wv_drag_to WV1 5 763
wv_drop_on WV1
wv_select_list_item MainWindow.sigview v(out2)
wv_dclick_list_item MainWindow.sigview v(out2)
wv_release_wv_item WV1 11 882
wv_select_wv_item WV1.PANEL3:1.LEGEND
wv_select_panel WV1.PANEL3:1.LEGEND
wv_press_key Delete
wv_select_dialog Confirmation
wv_press_button Confirmation.Ok
wv_select_list_item MainWindow.sigview v(vin)
wv_dclick_list_item MainWindow.sigview v(vin)
wv_select_list_item MainWindow.sigview v(out2)
wv_drag_list_item MainWindow.sigview v(out2)
wv_drag_enter WV1
wv_drag_to WV1 9 887
wv_drag_to WV1 94 931
wv_drop_on WV1
wv_select_list_item MainWindow.sigview v(vin)
wv_dclick_list_item MainWindow.sigview v(vin)
wv_select_list_item MainWindow.sigview v(out3)
wv_drag_list_item MainWindow.sigview v(out3)
wv_drag_enter WV1
wv_drag_to WV1 36 946
wv_drag_to WV1 129 1024
wv_drop_on WV1
wv_select_panel WV1.PANEL1:1 3.05981e-09 2.43
wv_select_wv_item {WV1.ICON.measurement tool}
wv_release_wv_item WV1 147 16
wv_select_dialog MeasurementTool
wv_select_list_item MainWindow.sigview v(vin)
wv_dclick_list_item MainWindow.sigview v(vin)
wv_select_list_item MainWindow.sigview v(cout)
wv_drag_list_item MainWindow.sigview v(cout)
wv_drag_enter WV1
wv_drag_to WV1 14 1011
wv_drag_to WV1 69 1051
wv_drop_on WV1
wv_select_wv_item {WV1.ICON.measurement tool}
wv_release_wv_item WV1 137 16
wv_select_dialog MeasurementTool
wv_select_wv_item {WV1.ICON.data point}
wv_release_wv_item WV1 168 12
wv_select_wv_item {WV1.ICON.data point}
wv_release_wv_item WV1 168 12
wv_select_wv_item {WV1.ICON.data point}
wv_release_wv_item WV1 179 14
wv_select_wv_item {WV1.ICON.data point}
wv_release_wv_item WV1 179 14
wv_select_wv_item {WV1.ICON.grid on/off}
wv_release_wv_item WV1 194 17
wv_select_wv_item {WV1.ICON.grid on/off}
wv_release_wv_item WV1 194 17
wv_select_wv_item {WV1.ICON.grid on/off}
wv_release_wv_item WV1 193 19
wv_select_wv_item {WV1.ICON.grid on/off}
wv_release_wv_item WV1 193 19
wv_select_wv_item {WV1.ICON.grid on/off}
wv_release_wv_item WV1 193 19
wv_select_wv_item {WV1.ICON.grid on/off}
wv_release_wv_item WV1 193 19
wv_select_wv_item {WV1.ICON.grid on/off}
wv_release_wv_item WV1 193 19
wv_select_wv_item {WV1.ICON.grid on/off}
wv_release_wv_item WV1 193 19
wv_select_wv_item {WV1.ICON.grid on/off}
wv_release_wv_item WV1 193 19
wv_select_wv_item {WV1.ICON.grid on/off}
wv_release_wv_item WV1 193 19
wv_release_wv_item WV1 193 19
wv_select_wv_item {WV1.ICON.grid on/off}
wv_release_wv_item WV1 193 19
wv_select_wv_item {WV1.ICON.grid on/off}
wv_release_wv_item WV1 193 19
wv_select_wv_item {WV1.ICON.measurement tool}
wv_release_wv_item WV1 141 14
wv_select_wv_item {WV1.ICON.measurement tool}
wv_release_wv_item WV1 141 14
wv_select_wv_item {WV1.ICON.measurement tool}
wv_release_wv_item WV1 140 15
wv_select_wv_item {WV1.ICON.measurement tool}
wv_release_wv_item WV1 148 12
wv_select_wv_item {WV1.ICON.measurement tool}
wv_release_wv_item WV1 143 13
wv_select_dialog MeasurementTool
# selected MeasurementTool.Signal v(out0) 4_bit_sim_2.tr0
wv_select_combox_item MeasurementTool.Signal {v(out0) 4_bit_sim_2.tr0}
wv_press_button MeasurementTool.Ok
wv_select_wv_item WV1.MEAS1
wv_drag_item_to WV1 843 126
wv_move_wv_item WV1.MEAS1 270 129
wv_waveview_context_menu WV1.MEAS1
wv_select_context_menu_item {Copy Meter}
wv_select_wv_item WV1.MEAS1
wv_drag_item_to WV1 385 157
wv_move_wv_item WV1.MEAS1 489 132
wv_select_panel WV1.PANEL2:1 9.27214e-09 2.34527
wv_waveview_context_menu WV1.PANEL2:1 9.27214e-09 2.34527
wv_select_wv_item {WV1.ICON.measurement tool}
wv_release_wv_item WV1 140 13
wv_select_dialog MeasurementTool
# selected MeasurementTool.Signal v(out1) 4_bit_sim_2.tr0
wv_select_combox_item MeasurementTool.Signal {v(out1) 4_bit_sim_2.tr0}
wv_press_button MeasurementTool.Ok
wv_select_wv_item WV1.MEAS3
wv_drag_item_to WV1 764 375
wv_move_wv_item WV1.MEAS3 274 361
wv_waveview_context_menu WV1.MEAS3
wv_select_context_menu_item {Copy Meter}
wv_select_wv_item WV1.MEAS3
wv_drag_item_to WV1 360 389
wv_move_wv_item WV1.MEAS3 503 364
wv_select_panel WV1.PANEL3:1 1.3491e-08 2.23405
wv_select_wv_item {WV1.ICON.measurement tool}
wv_release_wv_item WV1 146 13
wv_select_dialog MeasurementTool
# selected MeasurementTool.Signal v(out3) 4_bit_sim_2.tr0
wv_select_combox_item MeasurementTool.Signal {v(out3) 4_bit_sim_2.tr0}
wv_press_button MeasurementTool.Ok
wv_select_wv_item WV1.MEAS5
wv_drag_item_to WV1 823 833
wv_move_wv_item WV1.MEAS5 264 831
wv_select_panel WV1.PANEL4:1 1.32128e-08 1.68507
wv_select_wv_item WV1.MEAS4
wv_drag_item_to WV1 362 394
wv_move_wv_item WV1.MEAS4 269 366
wv_select_wv_item {WV1.ICON.measurement tool}
wv_release_wv_item WV1 146 16
wv_select_dialog MeasurementTool
wv_select_dialog MeasurementTool
wv_select_dialog MeasurementTool
wv_select_panel WV1.PANEL3:1 1.21001e-08 2.84794
wv_waveview_context_menu WV1.PANEL3:1 1.21001e-08 2.84794
wv_select_panel WV1.PANEL2:1 6.91238e-08 2.46266
wv_drag_item_to WV1 1618 350
wv_select_toolbar_item {Update Waveforms}
wv_select_dialog ReloadFiles
wv_press_button ReloadFiles.YesAll
wv_select_panel WV1.PANEL2:1 9.24525e-10 0.657987
wv_select_wv_item WV1.MEAS1
wv_drag_item_to WV1 573 160
wv_move_wv_item WV1.MEAS1 659 455
wv_select_wv_item WV1.MEAS4
wv_drag_item_to WV1 359 376
wv_move_wv_item WV1.MEAS4 683 428
wv_select_wv_item WV1.MEAS3
wv_drag_item_to WV1 586 384
wv_move_wv_item WV1.MEAS3 792 203
wv_select_wv_item WV1.MEAS4
wv_drag_item_to WV1 755 451
wv_move_wv_item WV1.MEAS4 745 397
wv_select_wv_item WV1.MEAS1
wv_drag_item_to WV1 683 477
wv_move_wv_item WV1.MEAS1 722 124
wv_select_wv_item WV1.MEAS3
wv_drag_item_to WV1 830 223
wv_move_wv_item WV1.MEAS3 660 471
wv_select_wv_item WV1.MEAS2
wv_drag_item_to WV1 87 30
wv_move_wv_item WV1.MEAS2 1142 149
wv_waveview_context_menu WV1.MEAS2
wv_select_context_menu_item {Delete Meter}
wv_waveview_context_menu WV1.MEAS1
wv_select_context_menu_item {Delete Meter}
wv_select_wv_item WV1.MEAS1
wv_drag_item_to WV1 731 482
wv_move_wv_item WV1.MEAS1 1146 358
wv_select_wv_item WV1.MEAS2
wv_drag_item_to WV1 819 417
wv_move_wv_item WV1.MEAS2 668 358
wv_select_wv_item WV1.MEAS3
wv_drag_item_to WV1 323 857
wv_move_wv_item WV1.MEAS3 1693 885
wv_waveview_context_menu WV1.MEAS3
wv_select_context_menu_item {Delete Meter}
wv_select_wv_item WV1.PANEL1:1.LEGEND
wv_select_panel WV1.PANEL1:1.LEGEND
wv_press_key Delete
wv_select_dialog Confirmation
wv_press_button Confirmation.Ok
wv_ctrl_select_panel WV1.PANEL1:1.LEGEND
wv_ctrl_select_panel WV1.PANEL2:1.LEGEND
wv_ctrl_select_panel WV1.PANEL3:1.LEGEND
wv_ctrl_select_panel WV1.PANEL4:1.LEGEND
wv_press_key Delete
wv_select_dialog Confirmation
wv_press_button Confirmation.Ok
wv_select_list_item MainWindow.sigview v(vin)
wv_dclick_list_item MainWindow.sigview v(vin)
wv_select_list_item MainWindow.sigview v(out0)
wv_dclick_list_item MainWindow.sigview v(out0)
wv_select_list_item MainWindow.sigview v(out1)
wv_dclick_list_item MainWindow.sigview v(out1)
wv_select_list_item MainWindow.sigview v(out2)
wv_dclick_list_item MainWindow.sigview v(out2)
wv_select_list_item MainWindow.sigview v(out3)
wv_dclick_list_item MainWindow.sigview v(out3)
wv_select_list_item MainWindow.sigview v(cout)
wv_dclick_list_item MainWindow.sigview v(cout)
wv_select_wv_item {WV1.ICON.measurement tool}
wv_release_wv_item WV1 141 18
wv_select_dialog MeasurementTool
wv_select_wv_item {WV1.ICON.measurement tool}
wv_release_wv_item WV1 141 14
wv_select_wv_item {WV1.ICON.measurement tool}
wv_release_wv_item WV1 141 10
wv_select_panel WV1.PANEL1:1 7.83496e-11 1.58953
wv_select_dialog MeasurementTool
# selected MeasurementTool.RefSignal v(vin) 4_bit_sim_2.tr0
wv_select_combox_item MeasurementTool.RefSignal {v(vin) 4_bit_sim_2.tr0}
# selected MeasurementTool.Signal v(out0) 4_bit_sim_2.tr0
wv_select_combox_item MeasurementTool.Signal {v(out0) 4_bit_sim_2.tr0}
wv_press_button MeasurementTool.Ok
wv_select_wv_item WV1.MEAS1
wv_drag_item_to WV1 841 308
wv_move_wv_item WV1.MEAS1 651 304
wv_select_wv_item WV1.MEAS1
wv_drag_item_to WV1 728 329
wv_move_wv_item WV1.MEAS1 652 264
wv_select_wv_item {WV1.ICON.measurement tool}
wv_release_wv_item WV1 137 11
wv_select_dialog MeasurementTool
# selected MeasurementTool.Signal v(out1) 4_bit_sim_2.tr0
wv_select_combox_item MeasurementTool.Signal {v(out1) 4_bit_sim_2.tr0}
# selected MeasurementTool.RefSignal v(vin) 4_bit_sim_2.tr0
wv_select_combox_item MeasurementTool.RefSignal {v(vin) 4_bit_sim_2.tr0}
wv_press_button MeasurementTool.Ok
wv_select_wv_item WV1.MEAS2
wv_drag_item_to WV1 816 517
wv_move_wv_item WV1.MEAS2 662 511
wv_select_wv_item WV1.MEAS1
wv_drag_item_to WV1 701 283
wv_move_wv_item WV1.MEAS1 684 290
wv_select_wv_item WV1.MEAS2
wv_drag_item_to WV1 721 534
wv_move_wv_item WV1.MEAS2 667 535
wv_select_wv_item WV1.MEAS1
wv_drag_item_to WV1 737 309
wv_move_wv_item WV1.MEAS1 693 343
wv_select_wv_item WV1.MEAS1
wv_drag_item_to WV1 722 365
wv_move_wv_item WV1.MEAS1 681 336
wv_select_wv_item WV1.MEAS2
wv_drag_item_to WV1 738 561
wv_move_wv_item WV1.MEAS2 708 532
wv_select_wv_item {WV1.ICON.measurement tool}
wv_release_wv_item WV1 140 12
wv_select_dialog MeasurementTool
# selected MeasurementTool.Signal v(out1) 4_bit_sim_2.tr0
wv_select_combox_item MeasurementTool.Signal {v(out1) 4_bit_sim_2.tr0}
wv_press_button MeasurementTool.Ok
wv_select_wv_item WV1.MEAS2
wv_drag_item_to WV1 782 554
wv_move_wv_item WV1.MEAS2 811 722
wv_waveview_context_menu WV1.MEAS2
wv_select_context_menu_item {Delete Meter}
wv_select_wv_item {WV1.ICON.measurement tool}
wv_release_wv_item WV1 141 14
wv_select_dialog MeasurementTool
# selected MeasurementTool.Signal v(out3) 4_bit_sim_2.tr0
wv_select_combox_item MeasurementTool.Signal {v(out3) 4_bit_sim_2.tr0}
# selected MeasurementTool.RefSignal v(vin) 4_bit_sim_2.tr0
wv_select_combox_item MeasurementTool.RefSignal {v(vin) 4_bit_sim_2.tr0}
wv_press_button MeasurementTool.Ok
wv_select_wv_item WV1.MEAS3
wv_drag_item_to WV1 823 918
wv_move_wv_item WV1.MEAS3 782 897
wv_select_wv_item {WV1.ICON.measurement tool}
wv_release_wv_item WV1 145 16
wv_select_dialog MeasurementTool
# selected MeasurementTool.Signal v(out2) 4_bit_sim_2.tr0
wv_select_combox_item MeasurementTool.Signal {v(out2) 4_bit_sim_2.tr0}
# selected MeasurementTool.RefSignal v(vin) 4_bit_sim_2.tr0
wv_select_combox_item MeasurementTool.RefSignal {v(vin) 4_bit_sim_2.tr0}
wv_press_button MeasurementTool.Ok
wv_select_wv_item WV1.MEAS2
wv_drag_item_to WV1 793 512
wv_move_wv_item WV1.MEAS2 726 512
wv_select_wv_item WV1.MEAS3
wv_drag_item_to WV1 860 919
wv_move_wv_item WV1.MEAS3 844 898
wv_select_wv_item {WV1.ICON.measurement tool}
wv_release_wv_item WV1 145 14
wv_select_dialog MeasurementTool
# selected MeasurementTool.Signal v(cout) 4_bit_sim_2.tr0
wv_select_combox_item MeasurementTool.Signal {v(cout) 4_bit_sim_2.tr0}
# selected MeasurementTool.RefSignal v(vin) 4_bit_sim_2.tr0
wv_select_combox_item MeasurementTool.RefSignal {v(vin) 4_bit_sim_2.tr0}
wv_press_button MeasurementTool.Ok
wv_select_wv_item WV1.MEAS5
wv_drag_item_to WV1 826 1119
wv_move_wv_item WV1.MEAS5 707 1099
wv_select_wv_item WV1.MEAS5
wv_drag_item_to WV1 786 1121
wv_move_wv_item WV1.MEAS5 663 1136
wv_move_window CustomWaveView 0 0
wv_move_window CustomWaveView 0 23
wv_select_tree_item MainWindow.hierview {D9:4_bit_sim_2.tr0}
wv_tree_context_menu MainWindow.hierview {D9:4_bit_sim_2.tr0}
wv_select_context_menu_item {Close This File}
wv_select_dialog Confirmation
wv_press_button Confirmation.Ok
wv_select_menu_item {File} {Import Waveform File ...}
wv_select_dialog FileDialog
wv_set_text FileDialog.FileName {4_bit_sim_2.tr0}
wv_press_button FileDialog.Up
wv_select_list_item FileDialog.FileList 32_bit_sim
wv_dclick_list_item FileDialog.FileList 32_bit_sim
wv_select_list_item FileDialog.FileList 32_bit_sim_fastest.tr0
wv_press_button FileDialog.Ok
wv_expand_tree_item MainWindow.hierview {D10:32_bit_sim_fastest.tr0}
wv_select_tree_item MainWindow.hierview {D10:32_bit_sim_fastest.tr0}
wv_select_tree_item MainWindow.hierview {D10:32_bit_sim_fastest.tr0/toplevel}
wv_select_list_item MainWindow.sigview v(cin0)
wv_drag_list_item MainWindow.sigview v(cin0)
wv_dclick_list_item MainWindow.sigview v(cin0)
wv_select_list_item MainWindow.sigview v(out0)
wv_dclick_list_item MainWindow.sigview v(out0)
wv_select_list_item MainWindow.sigview v(out1)
wv_dclick_list_item MainWindow.sigview v(out1)
wv_select_list_item MainWindow.sigview v(out2)
wv_dclick_list_item MainWindow.sigview v(out2)
wv_select_list_item MainWindow.sigview v(out3)
wv_dclick_list_item MainWindow.sigview v(out3)
wv_select_list_item MainWindow.sigview v(out4)
wv_dclick_list_item MainWindow.sigview v(out4)
wv_select_list_item MainWindow.sigview v(out5)
wv_dclick_list_item MainWindow.sigview v(out5)
wv_select_list_item MainWindow.sigview v(out6)
wv_dclick_list_item MainWindow.sigview v(out6)
wv_select_list_item MainWindow.sigview v(out7)
wv_dclick_list_item MainWindow.sigview v(out7)
wv_select_list_item MainWindow.sigview v(out8)
wv_dclick_list_item MainWindow.sigview v(out8)
wv_select_list_item MainWindow.sigview v(out9)
wv_dclick_list_item MainWindow.sigview v(out9)
wv_select_list_item MainWindow.sigview v(out10)
wv_dclick_list_item MainWindow.sigview v(out10)
wv_select_list_item MainWindow.sigview v(out11)
wv_dclick_list_item MainWindow.sigview v(out11)
wv_select_list_item MainWindow.sigview v(out12)
wv_dclick_list_item MainWindow.sigview v(out12)
wv_select_list_item MainWindow.sigview v(out13)
wv_dclick_list_item MainWindow.sigview v(out13)
wv_select_list_item MainWindow.sigview v(out14)
wv_dclick_list_item MainWindow.sigview v(out14)
wv_select_list_item MainWindow.sigview v(out15)
wv_dclick_list_item MainWindow.sigview v(out15)
wv_select_list_item MainWindow.sigview v(out16)
wv_dclick_list_item MainWindow.sigview v(out16)
wv_select_list_item MainWindow.sigview v(out17)
wv_dclick_list_item MainWindow.sigview v(out17)
wv_select_list_item MainWindow.sigview v(out18)
wv_dclick_list_item MainWindow.sigview v(out18)
wv_select_list_item MainWindow.sigview v(out19)
wv_dclick_list_item MainWindow.sigview v(out19)
wv_select_list_item MainWindow.sigview v(out20)
wv_dclick_list_item MainWindow.sigview v(out20)
wv_select_list_item MainWindow.sigview v(out21)
wv_dclick_list_item MainWindow.sigview v(out21)
wv_select_list_item MainWindow.sigview v(out22)
wv_dclick_list_item MainWindow.sigview v(out22)
wv_select_list_item MainWindow.sigview v(out23)
wv_dclick_list_item MainWindow.sigview v(out23)
wv_select_list_item MainWindow.sigview v(out24)
wv_dclick_list_item MainWindow.sigview v(out24)
wv_select_list_item MainWindow.sigview v(out25)
wv_dclick_list_item MainWindow.sigview v(out25)
wv_select_list_item MainWindow.sigview v(out26)
wv_dclick_list_item MainWindow.sigview v(out26)
wv_select_list_item MainWindow.sigview v(out27)
wv_dclick_list_item MainWindow.sigview v(out27)
wv_select_list_item MainWindow.sigview v(out28)
wv_dclick_list_item MainWindow.sigview v(out28)
wv_select_list_item MainWindow.sigview v(out29)
wv_dclick_list_item MainWindow.sigview v(out29)
wv_select_list_item MainWindow.sigview v(out30)
wv_dclick_list_item MainWindow.sigview v(out30)
wv_select_list_item MainWindow.sigview v(out31)
wv_dclick_list_item MainWindow.sigview v(out31)
wv_waveview_context_menu WV1.PANEL33:1 5.00695e-09 2.02809
wv_select_wv_item {WV1.ICON.measurement tool}
wv_release_wv_item WV1 144 16
wv_select_dialog MeasurementTool
# selected MeasurementTool.Signal v(out31) 32_bit_sim_fastest.tr0
wv_select_combox_item MeasurementTool.Signal {v(out31) 32_bit_sim_fastest.tr0}
# selected MeasurementTool.RefSignal v(cin0) 32_bit_sim_fastest.tr0
wv_select_combox_item MeasurementTool.RefSignal {v(cin0) 32_bit_sim_fastest.tr0}
wv_press_button MeasurementTool.Ok
wv_select_wv_item WV1.MEAS1
wv_drag_item_to WV1 813 1222
wv_move_wv_item WV1.MEAS1 432 1193
wv_waveview_context_menu WV1.MEAS1
wv_select_context_menu_item {Copy Meter}
wv_select_wv_item WV1.MEAS2
wv_drag_item_to WV1 535 1224
wv_move_wv_item WV1.MEAS2 758 1197
wv_waveview_context_menu WV1.MEAS2
wv_select_context_menu_item {Copy Meter}
wv_select_wv_item WV1.MEAS2
wv_drag_item_to WV1 862 1202
wv_move_wv_item WV1.MEAS2 1807 1195
wv_waveview_context_menu WV1.MEAS2
wv_select_context_menu_item {Delete Meter}
wv_select_toolbar_item {Update Waveforms}
wv_select_dialog ReloadFiles
wv_press_button ReloadFiles.YesAll
wv_select_wv_item WV1.MEAS2
wv_drag_item_to WV1 28 21
wv_move_wv_item WV1.MEAS2 443 1126
wv_select_toolbar_item {Update Waveforms}
wv_select_dialog ReloadFiles
wv_press_button ReloadFiles.YesAll
wv_select_wv_item WV1.MEAS2
wv_drag_item_to WV1 507 1151
wv_move_wv_item WV1.MEAS2 744 1221
wv_select_wv_item WV1.MEAS2
wv_drag_item_to WV1 773 1242
wv_move_wv_item WV1.MEAS2 673 1193
wv_select_wv_item WV1.MEAS2
wv_drag_item_to WV1 759 1217
wv_move_wv_item WV1.MEAS2 681 1218
wv_select_wv_item WV1.MEAS2
wv_drag_item_to WV1 722 1238
wv_move_wv_item WV1.MEAS2 683 1210
wv_select_wv_item WV1.MEAS1
wv_drag_item_to WV1 487 1214
wv_move_wv_item WV1.MEAS1 278 1195
wv_select_wv_item WV1.MEAS2
wv_drag_item_to WV1 731 1231
wv_move_wv_item WV1.MEAS2 491 1191
wv_move_window CustomWaveView 0 0
wv_move_window CustomWaveView 0 23
wv_select_toolbar_item {Update Waveforms}
wv_select_dialog ReloadFiles
wv_press_button ReloadFiles.YesAll
wv_select_wv_item WV1.MEAS2
wv_drag_item_to WV1 569 1216
wv_move_wv_item WV1.MEAS2 1063 1162
wv_select_toolbar_item {Update Waveforms}
wv_select_dialog ReloadFiles
wv_press_button ReloadFiles.YesAll
wv_select_wv_item WV1.MEAS1
wv_drag_item_to WV1 360 1217
wv_move_wv_item WV1.MEAS1 623 1198
wv_select_wv_item WV1.MEAS2
wv_drag_item_to WV1 1094 1183
wv_move_wv_item WV1.MEAS2 1193 1199
wv_select_wv_item WV1.MEAS1
wv_move_wv_item WV1.MEAS1 675 1218
wv_waveview_context_menu WV1.PANEL33:1 1.27028e-09 1.30223
wv_waveview_context_menu WV1.MEAS1
wv_select_context_menu_item {Delete Meter}
wv_waveview_context_menu WV1.MEAS1
wv_select_context_menu_item {Delete Meter}
wv_move_window CustomWaveView 0 0
wv_move_window CustomWaveView 0 23
wv_move_window CustomWaveView 0 0
wv_move_window CustomWaveView 0 23
wv_select_toolbar_item {Update Waveforms}
wv_select_dialog ReloadFiles
wv_press_button ReloadFiles.YesAll
wv_move_window CustomWaveView 0 0
wv_move_window CustomWaveView 0 23
wv_move_window CustomWaveView 0 0
wv_move_window CustomWaveView 0 23
wv_move_window CustomWaveView 0 0
wv_move_window CustomWaveView 0 23
wv_select_toolbar_item {Update Waveforms}
wv_select_dialog ReloadFiles
wv_press_button ReloadFiles.YesAll
wv_move_window CustomWaveView 0 0
wv_move_window CustomWaveView 0 23
wv_move_window CustomWaveView 0 0
wv_move_window CustomWaveView 0 23
wv_select_toolbar_item {Update Waveforms}
wv_select_dialog ReloadFiles
wv_press_button ReloadFiles.YesAll
wv_move_window CustomWaveView 0 0
wv_move_window CustomWaveView 0 23
wv_select_toolbar_item {Update Waveforms}
wv_select_dialog ReloadFiles
wv_press_button ReloadFiles.YesAll
wv_select_panel WV1.PANEL10:1 1.90542e-09 5.21794e-05
wv_drag_item_to WV1 949 384
wv_move_window CustomWaveView 0 0
wv_move_window CustomWaveView 0 23
wv_select_toolbar_item {Update Waveforms}
wv_select_dialog ReloadFiles
wv_press_button ReloadFiles.YesAll
wv_select_panel WV1.PANEL18:1 1.97497e-09 1.39145e-07
wv_drag_item_to WV1 979 687
wv_select_panel WV1.PANEL26:1 2.24154e-09 1.42487e-07
wv_drag_item_to WV1 1094 981
wv_select_toolbar_item {Update Waveforms}
wv_select_dialog ReloadFiles
wv_press_button ReloadFiles.YesAll
wv_select_panel WV1.PANEL18:1 1.88456e-09 1.45593e-07
wv_drag_item_to WV1 940 667
wv_select_panel WV1.PANEL26:1 2.55679e-09 1.42487e-07
wv_drag_item_to WV1 1230 970
wv_select_toolbar_item {Update Waveforms}
wv_select_dialog ReloadFiles
wv_press_button ReloadFiles.YesAll
wv_select_toolbar_item {Update Waveforms}
wv_select_dialog ReloadFiles
wv_press_button ReloadFiles.YesAll
wv_select_toolbar_item {Update Waveforms}
wv_select_dialog ReloadFiles
wv_press_button ReloadFiles.YesAll
wv_select_toolbar_item {Update Waveforms}
wv_select_dialog ReloadFiles
wv_press_button ReloadFiles.YesAll
wv_move_window CustomWaveView 0 0
wv_move_window CustomWaveView 0 23
wv_select_panel WV1.PANEL12:1 1.9249e-08 -1.30905e-07
wv_drag_item_to WV1 819 470
wv_select_panel WV1.PANEL18:1 3.28512e-08 1.37837e-07
wv_drag_item_to WV1 1308 687
wv_select_toolbar_item {Update Waveforms}
wv_select_dialog ReloadFiles
wv_press_button ReloadFiles.YesAll
wv_select_toolbar_item {Update Waveforms}
wv_select_dialog ReloadFiles
wv_press_button ReloadFiles.YesAll
wv_select_panel WV1.PANEL32:1 8.62309e-09 1.33842e-07
wv_drag_item_to WV1 439 1198
wv_move_window CustomWaveView 0 0
wv_move_window CustomWaveView 0 23
wv_select_toolbar_item {Update Waveforms}
wv_select_dialog ReloadFiles
wv_press_button ReloadFiles.YesAll
wv_ctrl_select_panel WV1.PANEL1:1.LEGEND
wv_ctrl_select_panel WV1.PANEL2:1.LEGEND
wv_ctrl_select_panel WV1.PANEL4:1.LEGEND
wv_ctrl_select_panel WV1.PANEL3:1.LEGEND
wv_ctrl_select_panel WV1.PANEL5:1.LEGEND
wv_ctrl_select_panel WV1.PANEL6:1.LEGEND
wv_ctrl_select_panel WV1.PANEL7:1.LEGEND
wv_ctrl_select_panel WV1.PANEL8:1.LEGEND
wv_ctrl_select_panel WV1.PANEL9:1.LEGEND
wv_ctrl_select_panel WV1.PANEL10:1.LEGEND
wv_ctrl_select_panel WV1.PANEL11:1.LEGEND
wv_ctrl_select_panel WV1.PANEL12:1.LEGEND
wv_ctrl_select_panel WV1.PANEL13:1.LEGEND
wv_ctrl_select_panel WV1.PANEL14:1.LEGEND
wv_ctrl_select_panel WV1.PANEL15:1.LEGEND
wv_ctrl_select_panel WV1.PANEL33:1.LEGEND
wv_ctrl_select_panel WV1.PANEL32:1.LEGEND
wv_ctrl_select_panel WV1.PANEL31:1.LEGEND
wv_ctrl_select_panel WV1.PANEL30:1.LEGEND
wv_ctrl_select_panel WV1.PANEL29:1.LEGEND
wv_ctrl_select_panel WV1.PANEL28:1.LEGEND
wv_ctrl_select_panel WV1.PANEL27:1.LEGEND
wv_ctrl_select_panel WV1.PANEL26:1.LEGEND
wv_ctrl_select_panel WV1.PANEL25:1.LEGEND
wv_ctrl_select_panel WV1.PANEL24:1.LEGEND
wv_ctrl_select_panel WV1.PANEL23:1.LEGEND
wv_ctrl_select_panel WV1.PANEL22:1.LEGEND
wv_ctrl_select_panel WV1.PANEL21:1.LEGEND
wv_ctrl_select_panel WV1.PANEL20:1.LEGEND
wv_ctrl_select_panel WV1.PANEL19:1.LEGEND
wv_ctrl_select_panel WV1.PANEL18:1.LEGEND
wv_ctrl_select_panel WV1.PANEL17:1.LEGEND
wv_ctrl_select_panel WV1.PANEL16:1.LEGEND
wv_press_key Delete
wv_select_dialog Confirmation
wv_press_button Confirmation.Ok
wv_select_menu_item {File} {Import Waveform File ...}
wv_select_dialog FileDialog
wv_set_text FileDialog.FileName {32_bit_sim_fastest.tr0}
wv_move_window CustomWaveView 0 0
wv_move_window CustomWaveView 0 23
wv_select_tree_item MainWindow.hierview {D10:32_bit_sim_fastest.tr0}
wv_tree_context_menu MainWindow.hierview {D10:32_bit_sim_fastest.tr0}
wv_select_context_menu_item {Close This File}
wv_select_dialog Confirmation
wv_press_button Confirmation.Ok
wv_select_menu_item {File} {Import Waveform File ...}
wv_select_dialog FileDialog
wv_set_text FileDialog.FileName {32_bit_sim_fastest.tr0}
wv_press_button FileDialog.Up
wv_select_list_item FileDialog.FileList inverter_sims
wv_dclick_list_item FileDialog.FileList inverter_sims
wv_select_list_item FileDialog.FileList double_sim.tr0
wv_dclick_list_item FileDialog.FileList double_sim.tr0
wv_select_tree_item MainWindow.hierview {D0:double_sim.tr0}
wv_expand_tree_item MainWindow.hierview {D0:double_sim.tr0}
wv_select_tree_item MainWindow.hierview {D0:double_sim.tr0}
wv_select_tree_item MainWindow.hierview {D0:double_sim.tr0/toplevel}
wv_select_list_item MainWindow.sigview v(vin)
wv_dclick_list_item MainWindow.sigview v(vin)
wv_select_list_item MainWindow.sigview v(out1)
wv_drag_list_item MainWindow.sigview v(out1)
wv_drag_enter WV1
wv_drag_to WV1 76 689
wv_drop_on WV1
wv_select_list_item MainWindow.sigview v(a)
wv_drag_list_item MainWindow.sigview v(a)
wv_drag_enter WV1
wv_drag_to WV1 36 683
wv_drop_on WV1
wv_move_window CustomWaveView 0 0
wv_move_window CustomWaveView 0 23
wv_select_toolbar_item {Update Waveforms}
wv_select_dialog ReloadFiles
wv_press_button ReloadFiles.YesAll
wv_select_toolbar_item {Update Waveforms}
wv_select_toolbar_item {Update Waveforms}
wv_select_list_item MainWindow.sigview v(out1)
wv_drag_list_item MainWindow.sigview v(out1)
wv_drag_enter WV1
wv_drag_to WV1 165 682
wv_drop_on WV1
wv_select_panel WV1.PANEL1:1 1.46036e-09 0.811794
wv_drag_item_to WV1 1177 944
wv_select_toolbar_item {Update Waveforms}
wv_select_dialog ReloadFiles
wv_press_button ReloadFiles.YesAll
wv_select_wv_item WV1.PANEL1:1.LEGEND
wv_select_panel WV1.PANEL1:1.LEGEND
wv_press_key Delete
wv_select_dialog Confirmation
wv_press_button Confirmation.Ok
wv_select_list_item MainWindow.sigview v(vin)
wv_dclick_list_item MainWindow.sigview v(vin)
wv_select_list_item MainWindow.sigview v(a)
wv_drag_list_item MainWindow.sigview v(a)
wv_drag_enter WV1
wv_drag_to WV1 59 723
wv_drop_on WV1
wv_select_list_item MainWindow.sigview v(out1)
wv_drag_list_item MainWindow.sigview v(out1)
wv_drag_enter WV1
wv_drag_to WV1 122 702
wv_drop_on WV1
wv_select_wv_item {WV1.ICON.measurement tool}
wv_release_wv_item WV1 148 14
wv_select_dialog MeasurementTool
wv_select_wv_item {WV1.ICON.measurement tool}
wv_release_wv_item WV1 140 11
wv_select_panel WV1.PANEL1:1 2.85118e-10 2.55363
wv_drag_item_to WV1 332 337
wv_select_dialog MeasurementTool
# selected MeasurementTool.RefSignal v(vin) double_sim.tr0
wv_select_combox_item MeasurementTool.RefSignal {v(vin) double_sim.tr0}
# selected MeasurementTool.Signal v(a) double_sim.tr0
wv_select_combox_item MeasurementTool.Signal {v(a) double_sim.tr0}
wv_press_button MeasurementTool.Ok
wv_select_wv_item WV1.MEAS1
wv_drag_item_to WV1 858 418
wv_move_wv_item WV1.MEAS1 587 414
wv_select_wv_item WV1.MEAS1
wv_drag_item_to WV1 669 437
wv_move_wv_item WV1.MEAS1 549 478
wv_select_panel WV1.PANEL1:1 8.35883e-10 1.69128
wv_waveview_context_menu WV1.PANEL1:1 8.35883e-10 1.69418
wv_select_wv_item {WV1.ICON.measurement tool}
wv_release_wv_item WV1 146 13
wv_select_dialog MeasurementTool
# selected MeasurementTool.Signal v(out1) double_sim.tr0
wv_select_combox_item MeasurementTool.Signal {v(out1) double_sim.tr0}
# selected MeasurementTool.RefSignal v(vin) double_sim.tr0
wv_select_combox_item MeasurementTool.RefSignal {v(vin) double_sim.tr0}
wv_press_button MeasurementTool.Ok
wv_select_wv_item WV1.MEAS2
wv_drag_item_to WV1 854 418
wv_move_wv_item WV1.MEAS2 973 484
wv_move_window CustomWaveView 0 0
wv_move_window CustomWaveView 0 23
wv_select_panel WV1.PANEL1:1 1.17524e-09 1.53212
wv_select_toolbar_item {Update Waveforms}
wv_select_dialog ReloadFiles
wv_press_button ReloadFiles.YesAll
wv_select_toolbar_item {Update Waveforms}
wv_select_dialog ReloadFiles
wv_press_button ReloadFiles.YesAll
wv_select_toolbar_item {Update Waveforms}
wv_select_dialog ReloadFiles
wv_press_button ReloadFiles.YesAll
wv_move_window CustomWaveView 0 0
wv_move_window CustomWaveView 0 23
wv_select_toolbar_item {Update Waveforms}
wv_move_window CustomWaveView 0 0
wv_move_window CustomWaveView 0 23
wv_select_toolbar_item {Update Waveforms}
wv_select_dialog ReloadFiles
wv_press_button ReloadFiles.YesAll
wv_move_window CustomWaveView 0 0
wv_move_window CustomWaveView 0 23
wv_move_window CustomWaveView 0 0
wv_move_window CustomWaveView 0 23
wv_select_toolbar_item {Update Waveforms}
wv_select_dialog ReloadFiles
wv_press_button ReloadFiles.YesAll
wv_move_window CustomWaveView 0 0
wv_move_window CustomWaveView 0 23
wv_select_toolbar_item {Update Waveforms}
wv_select_dialog ReloadFiles
wv_press_button ReloadFiles.YesAll
wv_move_window CustomWaveView 0 0
wv_move_window CustomWaveView 0 23
wv_select_toolbar_item {Update Waveforms}
wv_select_dialog ReloadFiles
wv_press_button ReloadFiles.YesAll
wv_select_toolbar_item {Update Waveforms}
wv_select_toolbar_item {Update Waveforms}
wv_select_dialog ReloadFiles
wv_press_button ReloadFiles.YesAll
wv_select_wv_item WV1.MEAS2
wv_drag_item_to WV1 1028 511
wv_move_wv_item WV1.MEAS2 938 483
wv_move_window CustomWaveView 0 0
wv_move_window CustomWaveView 0 23
wv_select_toolbar_item {Update Waveforms}
wv_select_dialog ReloadFiles
wv_press_button ReloadFiles.YesAll
wv_select_toolbar_item {Update Waveforms}
wv_select_dialog ReloadFiles
wv_press_button ReloadFiles.YesAll
wv_select_toolbar_item {Update Waveforms}
wv_select_dialog ReloadFiles
wv_press_button ReloadFiles.YesAll
wv_move_window CustomWaveView 0 0
wv_move_window CustomWaveView 0 23
wv_select_tree_item MainWindow.hierview {D0:double_sim.tr0}
wv_tree_context_menu MainWindow.hierview {D0:double_sim.tr0}
wv_select_context_menu_item {Close This File}
wv_select_dialog Confirmation
wv_press_button Confirmation.Ok
wv_select_menu_item {File} {Import Waveform File ...}
wv_select_dialog FileDialog
wv_set_text FileDialog.FileName {double_sim.tr0}
wv_press_button FileDialog.Up
wv_select_list_item FileDialog.FileList 4_bit_sim_form_2
wv_dclick_list_item FileDialog.FileList 4_bit_sim_form_2
wv_select_list_item FileDialog.FileList 4_bit_sim_2.tr0
wv_press_button FileDialog.Ok
wv_expand_tree_item MainWindow.hierview {D9:4_bit_sim_2.tr0}
wv_select_tree_item MainWindow.hierview {D9:4_bit_sim_2.tr0}
wv_select_tree_item MainWindow.hierview {D9:4_bit_sim_2.tr0/toplevel}
wv_select_list_item MainWindow.sigview v(vin)
wv_dclick_list_item MainWindow.sigview v(vin)
wv_select_list_item MainWindow.sigview v(out0)
wv_drag_list_item MainWindow.sigview v(out0)
wv_select_list_item MainWindow.sigview v(out0)
wv_dclick_list_item MainWindow.sigview v(out0)
wv_select_list_item MainWindow.sigview v(out1)
wv_dclick_list_item MainWindow.sigview v(out1)
wv_select_list_item MainWindow.sigview v(out2)
wv_dclick_list_item MainWindow.sigview v(out2)
wv_select_list_item MainWindow.sigview v(out3)
wv_dclick_list_item MainWindow.sigview v(out3)
wv_select_list_item MainWindow.sigview v(cout)
wv_dclick_list_item MainWindow.sigview v(cout)
wv_select_wv_item {WV1.ICON.measurement tool}
wv_release_wv_item WV1 149 15
wv_select_dialog MeasurementTool
# selected MeasurementTool.RefSignal v(vin) 4_bit_sim_2.tr0
wv_select_combox_item MeasurementTool.RefSignal {v(vin) 4_bit_sim_2.tr0}
# selected MeasurementTool.Signal v(out0) 4_bit_sim_2.tr0
wv_select_combox_item MeasurementTool.Signal {v(out0) 4_bit_sim_2.tr0}
wv_press_button MeasurementTool.Ok
wv_select_wv_item WV1.MEAS1
wv_drag_item_to WV1 818 297
wv_move_wv_item WV1.MEAS1 631 145
wv_select_wv_item WV1.MEAS1
wv_drag_item_to WV1 707 175
wv_move_wv_item WV1.MEAS1 658 308
wv_select_wv_item {WV1.ICON.measurement tool}
wv_release_wv_item WV1 142 16
wv_select_dialog MeasurementTool
# selected MeasurementTool.RefSignal v(out1) 4_bit_sim_2.tr0
wv_select_combox_item MeasurementTool.RefSignal {v(out1) 4_bit_sim_2.tr0}
wv_press_button MeasurementTool.Ok
wv_select_wv_item WV1.MEAS1
wv_drag_item_to WV1 733 336
wv_move_wv_item WV1.MEAS1 679 313
wv_select_wv_item WV1.MEAS2
wv_drag_item_to WV1 824 125
wv_move_wv_item WV1.MEAS2 700 506
wv_waveview_context_menu WV1.MEAS2
wv_select_context_menu_item {Configure...}
wv_select_tree_item MeasurementTool.TypeList {Time Domain/Delay}
wv_expand_tree_item MeasurementTool.TypeList {General}
wv_select_tree_item MeasurementTool.TypeList {General/Width}
wv_select_tree_item MeasurementTool.TypeList {Time Domain/Delay}
wv_select_dialog MeasurementTool
wv_waveview_context_menu WV1.MEAS2
wv_select_context_menu_item {Delete Meter}
wv_select_wv_item {WV1.ICON.measurement tool}
wv_release_wv_item WV1 144 12
wv_select_dialog MeasurementTool
# selected MeasurementTool.RefSignal v(vin) 4_bit_sim_2.tr0
wv_select_combox_item MeasurementTool.RefSignal {v(vin) 4_bit_sim_2.tr0}
# selected MeasurementTool.Signal v(out1) 4_bit_sim_2.tr0
wv_select_combox_item MeasurementTool.Signal {v(out1) 4_bit_sim_2.tr0}
wv_press_button MeasurementTool.Ok
wv_select_wv_item WV1.MEAS2
wv_drag_item_to WV1 863 514
wv_move_wv_item WV1.MEAS2 684 487
wv_select_wv_item {WV1.ICON.measurement tool}
wv_release_wv_item WV1 142 17
wv_select_dialog MeasurementTool
wv_select_wv_item {WV1.ICON.measurement tool}
wv_release_wv_item WV1 142 16
wv_select_dialog MeasurementTool
# selected MeasurementTool.RefSignal v(vin) 4_bit_sim_2.tr0
wv_select_combox_item MeasurementTool.RefSignal {v(vin) 4_bit_sim_2.tr0}
# selected MeasurementTool.Signal v(out2) 4_bit_sim_2.tr0
wv_select_combox_item MeasurementTool.Signal {v(out2) 4_bit_sim_2.tr0}
wv_press_button MeasurementTool.Ok
wv_select_wv_item WV1.MEAS3
wv_drag_item_to WV1 827 708
wv_move_wv_item WV1.MEAS3 746 681
wv_select_wv_item {WV1.ICON.measurement tool}
wv_release_wv_item WV1 142 18
wv_select_dialog MeasurementTool
# selected MeasurementTool.RefSignal v(vin) 4_bit_sim_2.tr0
wv_select_combox_item MeasurementTool.RefSignal {v(vin) 4_bit_sim_2.tr0}
# selected MeasurementTool.Signal v(out3) 4_bit_sim_2.tr0
wv_select_combox_item MeasurementTool.Signal {v(out3) 4_bit_sim_2.tr0}
wv_press_button MeasurementTool.Ok
wv_select_wv_item WV1.MEAS4
wv_drag_item_to WV1 861 909
wv_move_wv_item WV1.MEAS4 798 888
wv_select_wv_item {WV1.ICON.measurement tool}
wv_release_wv_item WV1 141 14
wv_select_dialog MeasurementTool
# selected MeasurementTool.RefSignal v(vin) 4_bit_sim_2.tr0
wv_select_combox_item MeasurementTool.RefSignal {v(vin) 4_bit_sim_2.tr0}
# selected MeasurementTool.Signal v(cout) 4_bit_sim_2.tr0
wv_select_combox_item MeasurementTool.Signal {v(cout) 4_bit_sim_2.tr0}
wv_press_button MeasurementTool.Ok
wv_select_wv_item WV1.MEAS5
wv_drag_item_to WV1 824 1148
wv_move_wv_item WV1.MEAS5 682 1089
wv_select_wv_item WV1.MEAS1
wv_drag_item_to WV1 777 338
wv_move_wv_item WV1.MEAS1 777 338
wv_select_tree_item MainWindow.hierview {D9:4_bit_sim_2.tr0}
wv_tree_context_menu MainWindow.hierview {D9:4_bit_sim_2.tr0}
wv_select_wv_item WV1.PANEL1:1.LEGEND
wv_select_panel WV1.PANEL1:1.LEGEND
wv_ctrl_select_panel WV1.PANEL2:1.LEGEND
wv_ctrl_select_panel WV1.PANEL4:1.LEGEND
wv_ctrl_select_panel WV1.PANEL3:1.LEGEND
wv_ctrl_select_panel WV1.PANEL5:1.LEGEND
wv_ctrl_select_panel WV1.PANEL6:1.LEGEND
wv_press_key Delete
wv_select_dialog Confirmation
wv_press_button Confirmation.Ok
wv_select_toolbar_item {Import Waveform File}
wv_select_dialog FileDialog
wv_set_text FileDialog.FileName {4_bit_sim_2.tr0}
wv_press_button FileDialog.Up
wv_select_list_item FileDialog.FileList 32_bit_sim
wv_dclick_list_item FileDialog.FileList 32_bit_sim
wv_select_list_item FileDialog.FileList 32_bit_sim_fastest.tr0
wv_press_button FileDialog.Ok
wv_expand_tree_item MainWindow.hierview {D10:32_bit_sim_fastest.tr0}
wv_select_tree_item MainWindow.hierview {D10:32_bit_sim_fastest.tr0}
wv_select_tree_item MainWindow.hierview {D10:32_bit_sim_fastest.tr0/toplevel}
wv_select_list_item MainWindow.sigview v(vin)
wv_dclick_list_item MainWindow.sigview v(vin)
wv_select_toolbar_item {Update Waveforms}
wv_select_dialog ReloadFiles
wv_press_button ReloadFiles.YesAll
wv_select_wv_item WV1.PANEL1:1.LEGEND
wv_select_panel WV1.PANEL1:1.LEGEND
wv_press_key Delete
wv_select_dialog Confirmation
wv_press_button Confirmation.Ok
wv_select_toolbar_item {Update Waveforms}
wv_select_dialog ReloadFiles
wv_press_button ReloadFiles.YesAll
wv_select_tree_item MainWindow.hierview {D10:32_bit_sim_fastest.tr0/toplevel}
wv_select_list_item MainWindow.sigview v(cin0)
wv_dclick_list_item MainWindow.sigview v(cin0)
wv_select_list_item MainWindow.sigview v(out0)
wv_dclick_list_item MainWindow.sigview v(out0)
wv_select_list_item MainWindow.sigview v(out1)
wv_dclick_list_item MainWindow.sigview v(out1)
wv_select_list_item MainWindow.sigview v(out2)
wv_dclick_list_item MainWindow.sigview v(out2)
wv_select_list_item MainWindow.sigview v(out3)
wv_dclick_list_item MainWindow.sigview v(out3)
wv_select_list_item MainWindow.sigview v(out4)
wv_dclick_list_item MainWindow.sigview v(out4)
wv_select_list_item MainWindow.sigview v(out5)
wv_dclick_list_item MainWindow.sigview v(out5)
wv_select_list_item MainWindow.sigview v(out6)
wv_dclick_list_item MainWindow.sigview v(out6)
wv_select_list_item MainWindow.sigview v(out7)
wv_dclick_list_item MainWindow.sigview v(out7)
wv_select_list_item MainWindow.sigview v(out8)
wv_dclick_list_item MainWindow.sigview v(out8)
wv_select_list_item MainWindow.sigview v(out9)
wv_dclick_list_item MainWindow.sigview v(out9)
wv_select_list_item MainWindow.sigview v(out10)
wv_dclick_list_item MainWindow.sigview v(out10)
wv_select_list_item MainWindow.sigview v(out11)
wv_dclick_list_item MainWindow.sigview v(out11)
wv_select_list_item MainWindow.sigview v(out12)
wv_dclick_list_item MainWindow.sigview v(out12)
wv_select_list_item MainWindow.sigview v(out13)
wv_dclick_list_item MainWindow.sigview v(out13)
wv_select_list_item MainWindow.sigview v(out14)
wv_dclick_list_item MainWindow.sigview v(out14)
wv_select_list_item MainWindow.sigview v(out15)
wv_dclick_list_item MainWindow.sigview v(out15)
wv_select_list_item MainWindow.sigview v(out16)
wv_dclick_list_item MainWindow.sigview v(out16)
wv_select_list_item MainWindow.sigview v(out17)
wv_dclick_list_item MainWindow.sigview v(out17)
wv_select_list_item MainWindow.sigview v(out18)
wv_dclick_list_item MainWindow.sigview v(out18)
wv_select_list_item MainWindow.sigview v(out19)
wv_dclick_list_item MainWindow.sigview v(out19)
wv_select_list_item MainWindow.sigview v(out20)
wv_dclick_list_item MainWindow.sigview v(out20)
wv_select_list_item MainWindow.sigview v(out21)
wv_dclick_list_item MainWindow.sigview v(out21)
wv_select_list_item MainWindow.sigview v(out22)
wv_dclick_list_item MainWindow.sigview v(out22)
wv_select_list_item MainWindow.sigview v(out23)
wv_dclick_list_item MainWindow.sigview v(out23)
wv_select_list_item MainWindow.sigview v(out24)
wv_dclick_list_item MainWindow.sigview v(out24)
wv_select_list_item MainWindow.sigview v(out25)
wv_dclick_list_item MainWindow.sigview v(out25)
wv_select_list_item MainWindow.sigview v(out26)
wv_dclick_list_item MainWindow.sigview v(out26)
wv_select_list_item MainWindow.sigview v(out27)
wv_dclick_list_item MainWindow.sigview v(out27)
wv_select_list_item MainWindow.sigview v(out28)
wv_drag_list_item MainWindow.sigview v(out28)
wv_dclick_list_item MainWindow.sigview v(out28)
wv_select_list_item MainWindow.sigview v(out29)
wv_dclick_list_item MainWindow.sigview v(out29)
wv_select_list_item MainWindow.sigview v(out30)
wv_dclick_list_item MainWindow.sigview v(out30)
wv_select_list_item MainWindow.sigview v(out31)
wv_dclick_list_item MainWindow.sigview v(out31)
wv_select_toolbar_item {Update Waveforms}
wv_select_dialog ReloadFiles
wv_press_button ReloadFiles.YesAll
wv_select_toolbar_item {Update Waveforms}
wv_select_dialog ReloadFiles
wv_press_button ReloadFiles.YesAll
wv_select_toolbar_item {Update Waveforms}
wv_select_panel WV1.PANEL19:1 2.41076e-09 8.64355e-08
wv_drag_item_to WV1 1167 728
wv_select_toolbar_item {Update Waveforms}
wv_select_dialog ReloadFiles
wv_press_button ReloadFiles.YesAll
wv_select_panel WV1.PANEL3:1 1.6064e-09 2.63401
wv_drag_item_to WV1 820 127
wv_move_window CustomWaveView 0 0
wv_move_window CustomWaveView 0 23
wv_select_list_item MainWindow.sigview v(cin4)
wv_dclick_list_item MainWindow.sigview v(cin4)
wv_select_list_item MainWindow.sigview v(cin8)
wv_dclick_list_item MainWindow.sigview v(cin8)
wv_move_window CustomWaveView 0 0
wv_move_window CustomWaveView 0 23
wv_select_wv_item WV1.PANEL35:1.LEGEND
wv_select_panel WV1.PANEL35:1.LEGEND
wv_select_wv_item WV1.PANEL35:1.LEGEND
wv_select_panel WV1.PANEL35:1.LEGEND
wv_move_window CustomWaveView 0 0
wv_move_window CustomWaveView 0 23
wv_select_toolbar_item {Update Waveforms}
wv_select_dialog ReloadFiles
wv_press_button ReloadFiles.YesAll
wv_select_toolbar_item {Update Waveforms}
wv_select_dialog ReloadFiles
wv_press_button ReloadFiles.YesAll
wv_select_toolbar_item {Update Waveforms}
wv_select_dialog ReloadFiles
wv_press_button ReloadFiles.YesAll
wv_select_panel WV1.PANEL11:1 1.53917e-09 1.00972
wv_drag_item_to WV1 791 407
wv_select_panel WV1.PANEL8:1 4.28836e-10 2.19731
wv_drag_item_to WV1 312 296
wv_select_wv_item {WV1.ICON.measurement tool}
wv_release_wv_item WV1 142 14
wv_select_dialog MeasurementTool
# selected MeasurementTool.RefSignal v(cin0) 32_bit_sim_fastest.tr0
wv_select_combox_item MeasurementTool.RefSignal {v(cin0) 32_bit_sim_fastest.tr0}
# selected MeasurementTool.Signal v(out31) 32_bit_sim_fastest.tr0
wv_select_combox_item MeasurementTool.Signal {v(out31) 32_bit_sim_fastest.tr0}
wv_press_button MeasurementTool.Ok
wv_select_wv_item WV1.MEAS1
wv_drag_item_to WV1 837 1156
wv_move_wv_item WV1.MEAS1 730 1125
wv_move_window CustomWaveView 0 0
wv_move_window CustomWaveView 0 23
wv_move_window CustomWaveView 0 0
wv_move_window CustomWaveView 0 23
wv_move_window CustomWaveView 0 0
wv_move_window CustomWaveView 0 23
wv_waveview_context_menu WV1.PANEL1:1.LEGEND
wv_select_context_menu_item {Clear WaveView}
wv_tree_context_menu MainWindow.hierview {D10:32_bit_sim_fastest.tr0}
wv_select_context_menu_item {Close All}
wv_select_dialog Confirmation
wv_press_button Confirmation.Ok
wv_select_menu_item {File} {Import Waveform File ...}
wv_select_dialog FileDialog
wv_set_text FileDialog.FileName {32_bit_sim_fastest.tr0}
wv_press_button FileDialog.Up
wv_select_list_item FileDialog.FileList inverter_sims
wv_dclick_list_item FileDialog.FileList inverter_sims
wv_select_list_item FileDialog.FileList double_sim.tr0
wv_press_button FileDialog.Ok
wv_expand_tree_item MainWindow.hierview {D0:double_sim.tr0}
wv_select_tree_item MainWindow.hierview {D0:double_sim.tr0}
wv_select_tree_item MainWindow.hierview {D0:double_sim.tr0/toplevel}
wv_select_list_item MainWindow.sigview v(vin)
wv_dclick_list_item MainWindow.sigview v(vin)
wv_select_list_item MainWindow.sigview v(a)
wv_drag_list_item MainWindow.sigview v(a)
wv_drag_enter WV1
wv_drag_to WV1 3 700
wv_drop_on WV1
wv_select_list_item MainWindow.sigview v(0)
wv_drag_list_item MainWindow.sigview v(0)
wv_drag_enter WV1
wv_drag_to WV1 22 697
wv_drop_on WV1
wv_select_wv_item WV1.PANEL1:1.LEGEND
wv_select_panel WV1.PANEL1:1.LEGEND
wv_press_key Delete
wv_select_dialog Confirmation
wv_press_button Confirmation.Ok
wv_select_list_item MainWindow.sigview v(vin)
wv_dclick_list_item MainWindow.sigview v(vin)
wv_select_list_item MainWindow.sigview v(a)
wv_drag_list_item MainWindow.sigview v(a)
wv_drag_enter WV1
wv_drag_to WV1 20 694
wv_drop_on WV1
wv_select_list_item MainWindow.sigview v(out1)
wv_drag_list_item MainWindow.sigview v(out1)
wv_drag_enter WV1
wv_drag_to WV1 71 695
wv_drop_on WV1
wv_select_wv_item {WV1.ICON.measurement tool}
wv_release_wv_item WV1 145 16
wv_select_dialog MeasurementTool
# selected MeasurementTool.RefSignal v(vin) double_sim.tr0
wv_select_combox_item MeasurementTool.RefSignal {v(vin) double_sim.tr0}
# selected MeasurementTool.Signal v(out1) double_sim.tr0
wv_select_combox_item MeasurementTool.Signal {v(out1) double_sim.tr0}
wv_press_button MeasurementTool.Ok
wv_select_wv_item WV1.MEAS1
wv_drag_item_to WV1 823 412
wv_move_wv_item WV1.MEAS1 561 420
wv_waveview_context_menu WV1.MEAS1
wv_select_context_menu_item {Copy Meter}
wv_select_wv_item WV1.MEAS2
wv_drag_item_to WV1 677 451
wv_move_wv_item WV1.MEAS2 966 419
wv_move_window CustomWaveView 0 0
wv_move_window CustomWaveView 0 23
wv_move_window CustomWaveView 0 0
wv_move_window CustomWaveView 0 23
wv_move_window CustomWaveView 0 0
wv_move_window CustomWaveView 0 23
wv_select_toolbar_item {Update Waveforms}
wv_select_dialog ReloadFiles
wv_press_button ReloadFiles.YesAll
wv_select_panel WV1.PANEL1:1 1.51739e-09 1.42752
wv_drag_item_to WV1 1218 723
wv_select_toolbar_item {Update Waveforms}
wv_select_dialog ReloadFiles
wv_press_button ReloadFiles.YesAll
wv_select_toolbar_item {Update Waveforms}
wv_select_dialog ReloadFiles
wv_press_button ReloadFiles.YesAll
wv_select_toolbar_item {Update Waveforms}
wv_select_toolbar_item {Update Waveforms}
wv_select_dialog ReloadFiles
wv_press_button ReloadFiles.YesAll
wv_select_panel WV1.PANEL1:1 9.37413e-10 2.19415
wv_drag_item_to WV1 801 459
wv_select_toolbar_item {Update Waveforms}
wv_select_panel WV1.PANEL1:1 1.32962e-09 1.20101
wv_drag_item_to WV1 1083 801
wv_select_toolbar_item {Update Waveforms}
wv_select_dialog ReloadFiles
wv_press_button ReloadFiles.YesAll
wv_select_panel WV1.PANEL1:1 1.07232e-09 1.87182
wv_drag_item_to WV1 898 570
wv_select_wv_item WV1.MEAS2
wv_drag_item_to WV1 1055 436
wv_move_wv_item WV1.MEAS2 965 420
wv_select_toolbar_item {Update Waveforms}
wv_select_dialog ReloadFiles
wv_press_button ReloadFiles.YesAll
wv_tree_context_menu MainWindow.hierview {D0:double_sim.tr0}
wv_select_context_menu_item {Close This File}
wv_select_dialog Confirmation
wv_press_button Confirmation.Ok
wv_select_menu_item {File} {Import Waveform File ...}
wv_select_dialog FileDialog
wv_set_text FileDialog.FileName {double_sim.tr0}
wv_select_list_item FileDialog.FileList double_sim.tr0
wv_press_button FileDialog.Ok
wv_expand_tree_item MainWindow.hierview {D0:double_sim.tr0}
wv_select_tree_item MainWindow.hierview {D0:double_sim.tr0}
wv_select_tree_item MainWindow.hierview {D0:double_sim.tr0/toplevel}
wv_select_list_item MainWindow.sigview v(vin)
wv_dclick_list_item MainWindow.sigview v(vin)
wv_select_list_item MainWindow.sigview v(out1)
wv_drag_list_item MainWindow.sigview v(out1)
wv_drag_enter WV1
wv_drag_to WV1 6 741
wv_drag_leave WV1
wv_select_list_item MainWindow.sigview v(a)
wv_drag_list_item MainWindow.sigview v(a)
wv_drag_enter WV1
wv_drag_to WV1 9 729
wv_drop_on WV1
wv_select_list_item MainWindow.sigview v(out1)
wv_drag_list_item MainWindow.sigview v(out1)
wv_drag_enter WV1
wv_drag_to WV1 186 749
wv_drop_on WV1
wv_select_wv_item {WV1.ICON.measurement tool}
wv_release_wv_item WV1 148 17
wv_select_dialog MeasurementTool
# selected MeasurementTool.RefSignal v(vin) double_sim.tr0
wv_select_combox_item MeasurementTool.RefSignal {v(vin) double_sim.tr0}
# selected MeasurementTool.Signal v(out1) double_sim.tr0
wv_select_combox_item MeasurementTool.Signal {v(out1) double_sim.tr0}
wv_press_button MeasurementTool.Ok
wv_select_wv_item WV1.MEAS1
wv_drag_item_to WV1 816 409
wv_move_wv_item WV1.MEAS1 573 448
wv_select_toolbar_item {Import Waveform File}
wv_select_dialog FileDialog
wv_set_text FileDialog.FileName {double_sim.tr0}
wv_press_button FileDialog.Up
wv_select_list_item FileDialog.FileList inverter_sims
wv_dclick_list_item FileDialog.FileList inverter_sims
wv_select_list_item FileDialog.FileList double_sim.tr0
wv_press_button FileDialog.Ok
wv_expand_tree_item MainWindow.hierview {D0:double_sim.tr0} -idx 1
wv_select_tree_item MainWindow.hierview {D0:double_sim.tr0} -idx 1
wv_select_tree_item MainWindow.hierview {D0:double_sim.tr0/toplevel} -idx 1
wv_waveview_context_menu WV1.MEAS1
wv_select_context_menu_item {Copy Meter}
wv_select_wv_item WV1.MEAS1
wv_drag_item_to WV1 667 474
wv_move_wv_item WV1.MEAS1 968 469
wv_move_window CustomWaveView 0 0
